2000, 3570, 1, 0, 0
4000, 3812, 1, 0, 0
6000, 4512, 1, 0, 0
8000, 3692, 1, 0, 0
10013, 4354, 1, 0, 0
12000, 4040, 1, 0, 0
14000, 4016, 1, 0, 0
16000, 4258, 1, 0, 0
18000, 3786, 1, 0, 0
20000, 4110, 1, 0, 0
22000, 4244, 1, 0, 0
24000, 3628, 1, 0, 0
26000, 4323, 1, 0, 0
28000, 3839, 1, 0, 0
30000, 3874, 1, 0, 0
32000, 3959, 1, 0, 0
34000, 3975, 1, 0, 0
36000, 4126, 1, 0, 0
38000, 3900, 1, 0, 0
40000, 4028, 1, 0, 0
42000, 4401, 1, 0, 0
44000, 3813, 1, 0, 0
46000, 4874, 1, 0, 0
48000, 4147, 1, 0, 0
50000, 4126, 1, 0, 0
52000, 4506, 1, 0, 0
54000, 4849, 1, 0, 0
56000, 4659, 1, 0, 0
58000, 3713, 1, 0, 0
60000, 4297, 1, 0, 0
62000, 4234, 1, 0, 0
64000, 4335, 1, 0, 0
66000, 4655, 1, 0, 0
68000, 3930, 1, 0, 0
70000, 4449, 1, 0, 0
72000, 4768, 1, 0, 0
74020, 4099, 1, 0, 0
76000, 4231, 1, 0, 0
78000, 4336, 1, 0, 0
80000, 4418, 1, 0, 0
82000, 4770, 1, 0, 0
84000, 4768, 1, 0, 0
86000, 3749, 1, 0, 0
88000, 4309, 1, 0, 0
90000, 4367, 1, 0, 0
92000, 4907, 1, 0, 0
94000, 4706, 1, 0, 0
96000, 4353, 1, 0, 0
98000, 4224, 1, 0, 0
100000, 4348, 1, 0, 0
102000, 4836, 1, 0, 0
104000, 4618, 1, 0, 0
106000, 4515, 1, 0, 0
108000, 3711, 1, 0, 0
110000, 4495, 1, 0, 0
112000, 4641, 1, 0, 0
114000, 4265, 1, 0, 0
116000, 4231, 1, 0, 0
118000, 4804, 1, 0, 0
120000, 4064, 1, 0, 0
122000, 4234, 1, 0, 0
124000, 4657, 1, 0, 0
126000, 4582, 1, 0, 0
128021, 4055, 1, 0, 0
130000, 4376, 1, 0, 0
132000, 4621, 1, 0, 0
134000, 4258, 1, 0, 0
136000, 4183, 1, 0, 0
138000, 4867, 1, 0, 0
140000, 4123, 1, 0, 0
142000, 4332, 1, 0, 0
144000, 4927, 1, 0, 0
146000, 3978, 1, 0, 0
148000, 4323, 1, 0, 0
150000, 4352, 1, 0, 0
152000, 4555, 1, 0, 0
154000, 5315, 1, 0, 0
156000, 4103, 1, 0, 0
158000, 4484, 1, 0, 0
160000, 4850, 1, 0, 0
162000, 3826, 1, 0, 0
164000, 4507, 1, 0, 0
166000, 4387, 1, 0, 0
168000, 4397, 1, 0, 0
170000, 4699, 1, 0, 0
172000, 4031, 1, 0, 0
174000, 4679, 1, 0, 0
176000, 4646, 1, 0, 0
178000, 3851, 1, 0, 0
180000, 4711, 1, 0, 0
182000, 4673, 1, 0, 0
184000, 4903, 1, 0, 0
186000, 4248, 1, 0, 0
188000, 3921, 1, 0, 0
190000, 4487, 1, 0, 0
192000, 4778, 1, 0, 0
194000, 4612, 1, 0, 0
196000, 3804, 1, 0, 0
198000, 4602, 1, 0, 0
200000, 4830, 1, 0, 0
202000, 4087, 1, 0, 0
204000, 4250, 1, 0, 0
206000, 4423, 1, 0, 0
208000, 5000, 1, 0, 0
210000, 4744, 1, 0, 0
212000, 4154, 1, 0, 0
214000, 4344, 1, 0, 0
216000, 4840, 1, 0, 0
218000, 4840, 1, 0, 0
220000, 5461, 1, 0, 0
222000, 4390, 1, 0, 0
224000, 4154, 1, 0, 0
226000, 4342, 1, 0, 0
228000, 4847, 1, 0, 0
230000, 3969, 1, 0, 0
232000, 4608, 1, 0, 0
234000, 4711, 1, 0, 0
236000, 5380, 1, 0, 0
238000, 4459, 1, 0, 0
240000, 4344, 1, 0, 0
242000, 4394, 1, 0, 0
244000, 4765, 1, 0, 0
246000, 4079, 1, 0, 0
248000, 4442, 1, 0, 0
250000, 4903, 1, 0, 0
252000, 4896, 1, 0, 0
254000, 4393, 1, 0, 0
256000, 6886, 1, 0, 0
258000, 3959, 1, 0, 0
260000, 4367, 1, 0, 0
262000, 4518, 1, 0, 0
264000, 5446, 1, 0, 0
266000, 8084, 1, 0, 0
268000, 7628, 1, 0, 0
270000, 4049, 1, 0, 0
272000, 4575, 1, 0, 0
274000, 4939, 1, 0, 0
276000, 4356, 1, 0, 0
278000, 4186, 1, 0, 0
280000, 4481, 1, 0, 0
282000, 4921, 1, 0, 0
284000, 4058, 1, 0, 0
286000, 4894, 1, 0, 0
288000, 4536, 1, 0, 0
290000, 3840, 1, 0, 0
292000, 4689, 1, 0, 0
294000, 4890, 1, 0, 0
296000, 4051, 1, 0, 0
298000, 4334, 1, 0, 0
300000, 4466, 1, 0, 0
302000, 4361, 1, 0, 0
304000, 4677, 1, 0, 0
306000, 4093, 1, 0, 0
308000, 4419, 1, 0, 0
310000, 4753, 1, 0, 0
312000, 4163, 1, 0, 0
314000, 4377, 1, 0, 0
316194, 5674, 1, 0, 0
318000, 5765, 1, 0, 0
320013, 5624, 1, 0, 0
322000, 9712, 1, 0, 0
324018, 9757, 1, 0, 0
326021, 13877, 1, 0, 0
328000, 13157, 1, 0, 0
330008, 13652, 1, 0, 0
332000, 5740, 1, 0, 0
334000, 4231, 1, 0, 0
336008, 10203, 1, 0, 0
338022, 13389, 1, 0, 0
340044, 13645, 1, 0, 0
342000, 7139, 1, 0, 0
344000, 4598, 1, 0, 0
346000, 7692, 1, 0, 0
348000, 8289, 1, 0, 0
350004, 10436, 1, 0, 0
352012, 13221, 1, 0, 0
354014, 13491, 1, 0, 0
356018, 13281, 1, 0, 0
358011, 13059, 1, 0, 0
360000, 13065, 1, 0, 0
362000, 3699, 1, 0, 0
364009, 4854, 1, 0, 0
366010, 13536, 1, 0, 0
368000, 13374, 1, 0, 0
370015, 13848, 1, 0, 0
372000, 10778, 1, 0, 0
374000, 3633, 1, 0, 0
376000, 7665, 1, 0, 0
378014, 10456, 1, 0, 0
380005, 13710, 1, 0, 0
382000, 13052, 1, 0, 0
384000, 5460, 1, 0, 0
386016, 6196, 1, 0, 0
388007, 7095, 1, 0, 0
390000, 8499, 1, 0, 0
392041, 10812, 1, 0, 0
394027, 14455, 1, 0, 0
396000, 5454, 1, 0, 0
398000, 7680, 1, 0, 0
400024, 8264, 1, 0, 0
402029, 9494, 1, 0, 0
404009, 8827, 1, 0, 0
406000, 7661, 1, 0, 0
408032, 11125, 1, 0, 0
410000, 10652, 1, 0, 0
412000, 6164, 1, 0, 0
414006, 11138, 1, 0, 0
416018, 13488, 1, 0, 0
418036, 13727, 1, 0, 0
420000, 13396, 1, 0, 0
422019, 13757, 1, 0, 0
424000, 5312, 1, 0, 0
426000, 3981, 1, 0, 0
428000, 10863, 1, 0, 0
430020, 14269, 1, 0, 0
432019, 14152, 1, 0, 0
434010, 13855, 1, 0, 0
436000, 7585, 1, 0, 0
438000, 3915, 1, 0, 0
440001, 8953, 1, 0, 0
442000, 11017, 1, 0, 0
444000, 13953, 1, 0, 0
446037, 14703, 1, 0, 0
448000, 11579, 1, 0, 0
450000, 3982, 1, 0, 0
452021, 9229, 1, 0, 0
454037, 8949, 1, 0, 0
456000, 9034, 1, 0, 0
458014, 14371, 1, 0, 0
460000, 14316, 1, 0, 0
462000, 13491, 1, 0, 0
464000, 5784, 1, 0, 0
466000, 13163, 1, 0, 0
468028, 13679, 1, 0, 0
470000, 14332, 1, 0, 0
472000, 5045, 1, 0, 0
474000, 4386, 1, 0, 0
476034, 11090, 1, 0, 0
478000, 14432, 1, 0, 0
480008, 14273, 1, 0, 0
482005, 14108, 1, 0, 0
484000, 14242, 1, 0, 0
486022, 14442, 1, 0, 0
488000, 6235, 1, 0, 0
490000, 4139, 1, 0, 0
492009, 6448, 1, 0, 0
494017, 9138, 1, 0, 0
496003, 8872, 1, 0, 0
498000, 9123, 1, 0, 0
500000, 14575, 1, 0, 0
502000, 16467, 1, 0, 0
504025, 16184, 1, 0, 0
506000, 6039, 1, 0, 0
508000, 7679, 1, 0, 0
510000, 9409, 1, 0, 0
512000, 16136, 1, 0, 0
514000, 16364, 1, 0, 0
516035, 16501, 1, 0, 0
518000, 15816, 1, 0, 0
520043, 16349, 1, 0, 0
522000, 4752, 1, 0, 0
524011, 6710, 1, 0, 0
526000, 11905, 1, 0, 0
528003, 7437, 1, 0, 0
530022, 8629, 1, 0, 0
532022, 14290, 1, 0, 0
534000, 14851, 1, 0, 0
536000, 15101, 1, 0, 0
538010, 8555, 1, 0, 0
540023, 14707, 1, 0, 0
542027, 14937, 1, 0, 0
544000, 8900, 1, 0, 0
546032, 5237, 1, 0, 0
548000, 16325, 1, 0, 0
550000, 17132, 1, 0, 0
552043, 17316, 1, 0, 0
554000, 16621, 1, 0, 0
556000, 4952, 1, 0, 0
558000, 13692, 1, 0, 0
560044, 16487, 1, 0, 0
562000, 16825, 1, 0, 0
564011, 16577, 1, 0, 0
566000, 8537, 1, 0, 0
568000, 8156, 1, 0, 0
570046, 17229, 1, 0, 0
572000, 15935, 1, 0, 0
574000, 16616, 1, 0, 0
576000, 7310, 1, 0, 0
578000, 4015, 1, 0, 0
580041, 8474, 1, 0, 0
582000, 8516, 1, 0, 0
584024, 9958, 1, 0, 0
586000, 17215, 1, 0, 0
588002, 15805, 1, 0, 0
590000, 15913, 1, 0, 0
592003, 14845, 1, 0, 0
594000, 14886, 1, 0, 0
596013, 17920, 1, 0, 0
598000, 4384, 1, 0, 0
600004, 4391, 1, 0, 0
602005, 11813, 1, 0, 0
604000, 15408, 1, 0, 0
606025, 15087, 1, 0, 0
608023, 15610, 1, 0, 0
610000, 14805, 1, 0, 0
612000, 3874, 1, 0, 0
614051, 8484, 1, 0, 0
616000, 15815, 1, 0, 0
618024, 15460, 1, 0, 0
620016, 14747, 1, 0, 0
622011, 15797, 1, 0, 0
624023, 6740, 1, 0, 0
624410, 19669, 1, 0, 0
