2000, 3489, 1, 0, 0
4000, 3785, 1, 0, 0
6000, 4029, 1, 0, 0
8000, 3974, 1, 0, 0
10000, 4066, 1, 0, 0
12000, 3899, 1, 0, 0
14000, 3935, 1, 0, 0
16000, 4150, 1, 0, 0
18000, 3693, 1, 0, 0
20000, 4181, 1, 0, 0
22000, 3821, 1, 0, 0
24000, 3753, 1, 0, 0
26000, 4364, 1, 0, 0
28000, 3491, 1, 0, 0
30000, 3963, 1, 0, 0
32000, 3944, 1, 0, 0
34000, 3941, 1, 0, 0
36000, 3977, 1, 0, 0
38000, 3790, 1, 0, 0
40000, 3926, 1, 0, 0
42000, 4546, 1, 0, 0
44000, 3821, 1, 0, 0
46000, 4118, 1, 0, 0
48000, 4515, 1, 0, 0
50000, 3674, 1, 0, 0
52000, 4357, 1, 0, 0
54000, 4189, 1, 0, 0
56000, 3970, 1, 0, 0
58000, 3984, 1, 0, 0
60000, 4241, 1, 0, 0
62000, 4167, 1, 0, 0
64000, 4066, 1, 0, 0
66000, 4093, 1, 0, 0
68000, 4422, 1, 0, 0
70000, 3978, 1, 0, 0
72000, 4156, 1, 0, 0
74000, 4566, 1, 0, 0
76000, 3662, 1, 0, 0
78000, 4180, 1, 0, 0
80000, 4352, 1, 0, 0
82000, 4154, 1, 0, 0
84000, 4088, 1, 0, 0
86000, 4662, 1, 0, 0
88000, 3966, 1, 0, 0
90000, 4502, 1, 0, 0
92000, 4550, 1, 0, 0
94000, 4156, 1, 0, 0
96000, 4489, 1, 0, 0
98000, 3976, 1, 0, 0
100000, 4184, 1, 0, 0
102000, 4537, 1, 0, 0
104000, 3864, 1, 0, 0
106000, 4356, 1, 0, 0
108000, 4493, 1, 0, 0
110000, 3802, 1, 0, 0
112000, 4207, 1, 0, 0
114000, 4216, 1, 0, 0
116000, 4341, 1, 0, 0
118000, 4060, 1, 0, 0
120000, 4219, 1, 0, 0
122000, 4507, 1, 0, 0
124000, 4157, 1, 0, 0
126000, 4014, 1, 0, 0
128000, 4544, 1, 0, 0
130000, 3913, 1, 0, 0
132000, 4057, 1, 0, 0
134000, 4227, 1, 0, 0
136000, 4333, 1, 0, 0
138000, 4349, 1, 0, 0
140000, 4451, 1, 0, 0
142000, 4358, 1, 0, 0
144000, 4425, 1, 0, 0
146000, 4636, 1, 0, 0
148000, 4009, 1, 0, 0
150000, 3912, 1, 0, 0
152000, 4134, 1, 0, 0
154000, 4126, 1, 0, 0
156000, 4284, 1, 0, 0
158000, 4100, 1, 0, 0
160000, 3956, 1, 0, 0
162000, 4513, 1, 0, 0
164000, 3944, 1, 0, 0
166000, 4105, 1, 0, 0
168000, 4220, 1, 0, 0
170000, 4169, 1, 0, 0
172000, 4429, 1, 0, 0
174000, 3937, 1, 0, 0
176000, 4242, 1, 0, 0
178000, 4652, 1, 0, 0
180000, 3789, 1, 0, 0
182000, 4373, 1, 0, 0
184000, 4254, 1, 0, 0
186000, 3882, 1, 0, 0
188000, 4792, 1, 0, 0
190000, 8310, 1, 0, 0
192000, 8065, 1, 0, 0
194000, 6213, 1, 0, 0
196000, 3880, 1, 0, 0
198000, 4301, 1, 0, 0
200000, 4604, 1, 0, 0
202000, 4561, 1, 0, 0
204000, 3647, 1, 0, 0
206000, 4257, 1, 0, 0
208000, 4142, 1, 0, 0
210000, 4252, 1, 0, 0
212000, 4630, 1, 0, 0
214000, 3863, 1, 0, 0
216000, 4359, 1, 0, 0
218000, 4449, 1, 0, 0
220000, 3876, 1, 0, 0
222000, 4122, 1, 0, 0
224000, 4196, 1, 0, 0
226000, 4283, 1, 0, 0
228000, 4264, 1, 0, 0
230000, 4212, 1, 0, 0
232000, 4545, 1, 0, 0
234000, 3849, 1, 0, 0
236000, 4094, 1, 0, 0
238000, 4398, 1, 0, 0
240000, 4346, 1, 0, 0
242000, 4337, 1, 0, 0
244000, 4547, 1, 0, 0
246000, 4155, 1, 0, 0
248000, 4017, 1, 0, 0
250013, 4115, 1, 0, 0
252000, 4162, 1, 0, 0
254000, 4369, 1, 0, 0
256000, 4430, 1, 0, 0
258000, 4178, 1, 0, 0
260000, 3990, 1, 0, 0
262000, 4131, 1, 0, 0
264000, 4244, 1, 0, 0
266000, 4401, 1, 0, 0
268000, 4154, 1, 0, 0
270001, 4107, 1, 0, 0
272000, 4558, 1, 0, 0
274000, 4223, 1, 0, 0
276000, 3840, 1, 0, 0
278000, 4344, 1, 0, 0
280000, 4514, 1, 0, 0
282000, 3805, 1, 0, 0
284000, 4339, 1, 0, 0
286000, 4328, 1, 0, 0
288000, 3813, 1, 0, 0
290000, 4474, 1, 0, 0
292000, 5680, 1, 0, 0
294000, 6007, 1, 0, 0
296000, 7630, 1, 0, 0
298000, 5428, 1, 0, 0
300000, 4030, 1, 0, 0
302000, 4287, 1, 0, 0
304000, 4220, 1, 0, 0
306000, 4335, 1, 0, 0
308000, 4160, 1, 0, 0
310000, 4377, 1, 0, 0
312000, 4574, 1, 0, 0
314000, 3827, 1, 0, 0
316000, 4901, 1, 0, 0
318000, 5142, 1, 0, 0
320000, 4459, 1, 0, 0
322000, 4949, 1, 0, 0
324000, 5015, 1, 0, 0
326000, 4946, 1, 0, 0
328000, 5133, 1, 0, 0
330000, 5097, 1, 0, 0
332000, 4476, 1, 0, 0
334000, 4961, 1, 0, 0
336000, 5083, 1, 0, 0
338000, 6128, 1, 0, 0
340000, 7436, 1, 0, 0
342000, 5239, 1, 0, 0
344000, 4989, 1, 0, 0
346000, 4730, 1, 0, 0
348000, 5231, 1, 0, 0
350000, 4929, 1, 0, 0
352000, 4981, 1, 0, 0
354000, 5204, 1, 0, 0
356000, 4503, 1, 0, 0
358000, 5112, 1, 0, 0
360000, 5101, 1, 0, 0
362000, 5157, 1, 0, 0
364000, 5239, 1, 0, 0
366000, 4297, 1, 0, 0
368000, 4738, 1, 0, 0
370000, 4891, 1, 0, 0
372000, 4864, 1, 0, 0
374000, 5110, 1, 0, 0
376000, 4760, 1, 0, 0
378000, 5153, 1, 0, 0
380000, 5074, 1, 0, 0
382000, 5136, 1, 0, 0
384000, 4567, 1, 0, 0
386000, 5154, 1, 0, 0
388000, 5117, 1, 0, 0
390000, 5137, 1, 0, 0
392000, 4232, 1, 0, 0
394000, 5066, 1, 0, 0
396000, 5193, 1, 0, 0
398000, 5177, 1, 0, 0
400000, 4608, 1, 0, 0
402000, 4861, 1, 0, 0
404000, 4842, 1, 0, 0
406000, 5604, 1, 0, 0
408000, 5700, 1, 0, 0
410000, 4599, 1, 0, 0
412000, 5282, 1, 0, 0
414000, 5209, 1, 0, 0
416000, 4625, 1, 0, 0
418000, 5152, 1, 0, 0
420000, 4656, 1, 0, 0
422000, 5061, 1, 0, 0
424000, 5173, 1, 0, 0
426000, 5095, 1, 0, 0
428000, 4457, 1, 0, 0
430000, 4997, 1, 0, 0
432000, 4922, 1, 0, 0
434000, 5379, 1, 0, 0
436000, 5054, 1, 0, 0
438000, 4686, 1, 0, 0
440000, 5189, 1, 0, 0
442000, 5115, 1, 0, 0
444000, 5130, 1, 0, 0
446000, 4389, 1, 0, 0
448000, 4975, 1, 0, 0
450012, 5049, 1, 0, 0
452000, 5228, 1, 0, 0
454000, 5126, 1, 0, 0
456000, 4764, 1, 0, 0
458000, 5232, 1, 0, 0
460000, 4956, 1, 0, 0
462000, 4946, 1, 0, 0
464000, 5344, 1, 0, 0
466000, 5174, 1, 0, 0
468000, 5308, 1, 0, 0
470000, 4882, 1, 0, 0
472000, 4992, 1, 0, 0
474000, 4918, 1, 0, 0
476000, 5043, 1, 0, 0
478000, 5239, 1, 0, 0
480000, 5244, 1, 0, 0
482000, 5252, 1, 0, 0
484000, 4582, 1, 0, 0
486000, 5184, 1, 0, 0
488000, 5204, 1, 0, 0
490000, 5233, 1, 0, 0
492000, 4819, 1, 0, 0
494000, 5102, 1, 0, 0
496000, 5125, 1, 0, 0
498000, 4875, 1, 0, 0
500000, 5136, 1, 0, 0
502000, 5184, 1, 0, 0
504000, 5180, 1, 0, 0
506000, 5110, 1, 0, 0
508000, 5178, 1, 0, 0
510000, 5077, 1, 0, 0
512000, 4823, 1, 0, 0
514000, 5663, 1, 0, 0
516000, 7168, 1, 0, 0
518000, 5712, 1, 0, 0
520000, 6793, 1, 0, 0
522010, 7323, 1, 0, 0
524000, 5775, 1, 0, 0
526000, 4966, 1, 0, 0
528000, 5300, 1, 0, 0
530000, 4922, 1, 0, 0
532000, 5218, 1, 0, 0
534000, 4758, 1, 0, 0
536000, 5182, 1, 0, 0
538000, 4982, 1, 0, 0
540000, 5253, 1, 0, 0
542000, 5238, 1, 0, 0
544000, 5153, 1, 0, 0
546000, 5395, 1, 0, 0
548000, 5062, 1, 0, 0
550000, 5285, 1, 0, 0
552000, 5415, 1, 0, 0
554000, 5036, 1, 0, 0
556000, 5201, 1, 0, 0
558000, 4911, 1, 0, 0
560000, 5268, 1, 0, 0
562000, 5321, 1, 0, 0
564000, 5271, 1, 0, 0
566000, 5359, 1, 0, 0
568000, 5331, 1, 0, 0
570000, 5225, 1, 0, 0
572000, 5289, 1, 0, 0
574000, 5206, 1, 0, 0
576000, 5362, 1, 0, 0
578000, 5081, 1, 0, 0
580000, 4801, 1, 0, 0
582000, 5189, 1, 0, 0
584000, 5895, 1, 0, 0
586000, 5540, 1, 0, 0
588000, 5273, 1, 0, 0
590000, 5963, 1, 0, 0
592000, 5061, 1, 0, 0
594000, 5053, 1, 0, 0
596000, 5266, 1, 0, 0
598000, 5030, 1, 0, 0
600000, 5421, 1, 0, 0
602000, 5270, 1, 0, 0
604044, 5290, 1, 0, 0
606000, 5428, 1, 0, 0
608000, 5159, 1, 0, 0
610000, 4945, 1, 0, 0
612000, 5285, 1, 0, 0
614000, 5164, 1, 0, 0
616000, 5325, 1, 0, 0
618000, 5436, 1, 0, 0
620000, 5369, 1, 0, 0
622000, 5028, 1, 0, 0
624000, 5072, 1, 0, 0
626000, 4680, 1, 0, 0
628000, 5327, 1, 0, 0
630002, 5590, 1, 0, 0
632000, 5726, 1, 0, 0
634000, 5879, 1, 0, 0
636000, 5874, 1, 0, 0
638000, 5498, 1, 0, 0
640000, 4969, 1, 0, 0
642000, 5334, 1, 0, 0
644000, 5968, 1, 0, 0
646000, 5981, 1, 0, 0
648012, 6259, 1, 0, 0
650000, 6144, 1, 0, 0
652000, 6228, 1, 0, 0
654000, 5958, 1, 0, 0
656000, 5387, 1, 0, 0
658000, 5364, 1, 0, 0
660000, 5277, 1, 0, 0
662000, 5223, 1, 0, 0
664000, 5140, 1, 0, 0
666000, 6983, 1, 0, 0
668002, 6807, 1, 0, 0
670000, 5990, 1, 0, 0
672000, 6240, 1, 0, 0
674000, 5710, 1, 0, 0
676000, 5485, 1, 0, 0
678000, 5332, 1, 0, 0
680000, 5443, 1, 0, 0
682000, 5225, 1, 0, 0
684000, 5465, 1, 0, 0
686006, 6868, 1, 0, 0
688000, 5381, 1, 0, 0
690006, 5922, 1, 0, 0
692000, 5782, 1, 0, 0
694000, 5613, 1, 0, 0
696000, 5477, 1, 0, 0
698000, 5558, 1, 0, 0
700000, 5305, 1, 0, 0
702000, 5086, 1, 0, 0
704000, 6051, 1, 0, 0
706000, 6674, 1, 0, 0
708000, 6094, 1, 0, 0
710000, 5879, 1, 0, 0
712000, 5484, 1, 0, 0
714000, 5098, 1, 0, 0
716000, 6320, 1, 0, 0
718000, 5673, 1, 0, 0
720000, 5263, 1, 0, 0
722000, 5388, 1, 0, 0
724000, 6221, 1, 0, 0
726002, 5930, 1, 0, 0
728000, 6722, 1, 0, 0
730000, 5475, 1, 0, 0
732000, 5787, 1, 0, 0
734000, 5903, 1, 0, 0
736000, 6034, 1, 0, 0
738000, 5535, 1, 0, 0
740000, 5394, 1, 0, 0
742000, 5317, 1, 0, 0
744000, 5472, 1, 0, 0
746000, 6394, 1, 0, 0
748003, 6161, 1, 0, 0
750000, 5465, 1, 0, 0
752007, 5634, 1, 0, 0
754000, 6201, 1, 0, 0
756000, 5445, 1, 0, 0
758000, 5629, 1, 0, 0
760000, 5398, 1, 0, 0
762000, 5400, 1, 0, 0
764000, 5385, 1, 0, 0
766000, 5757, 1, 0, 0
768000, 5546, 1, 0, 0
770000, 6037, 1, 0, 0
772006, 5903, 1, 0, 0
774000, 6073, 1, 0, 0
776000, 5636, 1, 0, 0
778000, 5407, 1, 0, 0
780000, 5501, 1, 0, 0
782000, 5704, 1, 0, 0
784000, 5393, 1, 0, 0
786007, 5201, 1, 0, 0
788007, 7043, 1, 0, 0
790000, 6473, 1, 0, 0
792000, 6127, 1, 0, 0
794000, 5544, 1, 0, 0
796000, 5748, 1, 0, 0
798000, 5577, 1, 0, 0
800001, 5466, 1, 0, 0
802000, 5520, 1, 0, 0
804000, 5094, 1, 0, 0
806000, 6304, 1, 0, 0
808000, 5723, 1, 0, 0
810003, 6587, 1, 0, 0
812000, 5989, 1, 0, 0
814000, 5739, 1, 0, 0
816000, 5680, 1, 0, 0
818016, 5929, 1, 0, 0
820000, 5351, 1, 0, 0
822000, 5352, 1, 0, 0
824000, 6134, 1, 0, 0
826000, 5884, 1, 0, 0
828000, 5465, 1, 0, 0
830000, 5377, 1, 0, 0
832000, 6760, 1, 0, 0
834000, 5604, 1, 0, 0
836013, 5631, 1, 0, 0
838000, 5447, 1, 0, 0
840000, 5956, 1, 0, 0
842000, 5287, 1, 0, 0
844000, 5908, 1, 0, 0
846000, 5543, 1, 0, 0
848000, 5482, 1, 0, 0
850007, 7070, 1, 0, 0
852000, 6191, 1, 0, 0
854003, 6207, 1, 0, 0
856000, 5996, 1, 0, 0
858000, 5700, 1, 0, 0
860000, 5591, 1, 0, 0
862000, 5622, 1, 0, 0
864000, 5371, 1, 0, 0
866000, 5616, 1, 0, 0
868000, 5707, 1, 0, 0
870000, 6039, 1, 0, 0
872000, 6233, 1, 0, 0
874000, 6079, 1, 0, 0
876000, 5733, 1, 0, 0
878000, 6025, 1, 0, 0
880000, 5884, 1, 0, 0
882000, 5461, 1, 0, 0
884000, 5517, 1, 0, 0
886000, 5601, 1, 0, 0
888000, 5536, 1, 0, 0
890000, 5864, 1, 0, 0
892000, 6537, 1, 0, 0
894000, 5954, 1, 0, 0
896000, 5648, 1, 0, 0
898007, 5858, 1, 0, 0
900000, 5735, 1, 0, 0
902000, 5553, 1, 0, 0
904000, 5520, 1, 0, 0
906000, 5802, 1, 0, 0
908000, 6187, 1, 0, 0
910000, 5998, 1, 0, 0
912000, 5814, 1, 0, 0
914004, 5515, 1, 0, 0
916000, 6320, 1, 0, 0
918000, 5733, 1, 0, 0
920020, 6089, 1, 0, 0
922000, 5532, 1, 0, 0
924000, 5524, 1, 0, 0
926020, 6260, 1, 0, 0
928000, 5494, 1, 0, 0
930000, 5680, 1, 0, 0
932000, 5634, 1, 0, 0
934001, 6512, 1, 0, 0
936000, 6134, 1, 0, 0
938000, 5752, 1, 0, 0
940000, 5949, 1, 0, 0
942000, 5608, 1, 0, 0
944000, 5517, 1, 0, 0
946000, 6019, 1, 0, 0
948000, 6010, 1, 0, 0
950029, 6139, 1, 0, 0
952000, 5595, 1, 0, 0
954000, 6969, 1, 0, 0
956000, 6111, 1, 0, 0
958000, 6032, 1, 0, 0
960000, 5664, 1, 0, 0
962000, 5666, 1, 0, 0
964000, 5727, 1, 0, 0
966000, 5659, 1, 0, 0
968000, 5982, 1, 0, 0
970000, 6394, 1, 0, 0
972000, 5601, 1, 0, 0
974000, 6879, 1, 0, 0
976000, 6846, 1, 0, 0
978000, 6175, 1, 0, 0
980000, 6311, 1, 0, 0
982000, 5793, 1, 0, 0
984000, 5782, 1, 0, 0
986000, 5712, 1, 0, 0
988000, 5733, 1, 0, 0
990000, 6302, 1, 0, 0
992000, 6024, 1, 0, 0
994000, 5565, 1, 0, 0
996000, 5979, 1, 0, 0
998000, 5921, 1, 0, 0
1000017, 6126, 1, 0, 0
1002000, 5824, 1, 0, 0
1004000, 5729, 1, 0, 0
1006000, 5627, 1, 0, 0
1008000, 5672, 1, 0, 0
1010000, 5663, 1, 0, 0
1012000, 5920, 1, 0, 0
1014001, 5941, 1, 0, 0
1016000, 5683, 1, 0, 0
1018000, 6154, 1, 0, 0
1020000, 6071, 1, 0, 0
1022000, 6078, 1, 0, 0
1024000, 5965, 1, 0, 0
1026000, 5607, 1, 0, 0
1028000, 5673, 1, 0, 0
1030000, 5618, 1, 0, 0
1032000, 6271, 1, 0, 0
1034000, 5605, 1, 0, 0
1036000, 5678, 1, 0, 0
1038000, 6338, 1, 0, 0
1040006, 5757, 1, 0, 0
1042000, 5953, 1, 0, 0
1044000, 6116, 1, 0, 0
1046000, 5952, 1, 0, 0
1048000, 5691, 1, 0, 0
1050000, 5634, 1, 0, 0
1052000, 5694, 1, 0, 0
1054000, 5646, 1, 0, 0
1056000, 5562, 1, 0, 0
1058007, 6529, 1, 0, 0
1060000, 5935, 1, 0, 0
1062000, 5805, 1, 0, 0
1064000, 5872, 1, 0, 0
1066000, 5859, 1, 0, 0
1068000, 5642, 1, 0, 0
1070000, 6303, 1, 0, 0
1072000, 5952, 1, 0, 0
1074000, 6018, 1, 0, 0
1076000, 6100, 1, 0, 0
1078000, 5587, 1, 0, 0
1080008, 5876, 1, 0, 0
1082008, 5948, 1, 0, 0
1084000, 5883, 1, 0, 0
1086029, 5907, 1, 0, 0
1088000, 5689, 1, 0, 0
1090000, 5669, 1, 0, 0
1092000, 5690, 1, 0, 0
1094000, 5904, 1, 0, 0
1096000, 5802, 1, 0, 0
1098000, 6758, 1, 0, 0
1100000, 6421, 1, 0, 0
1102000, 5893, 1, 0, 0
1104000, 6163, 1, 0, 0
1106000, 5726, 1, 0, 0
1108000, 6147, 1, 0, 0
1110000, 5816, 1, 0, 0
1112000, 5847, 1, 0, 0
1114000, 5658, 1, 0, 0
1116000, 5543, 1, 0, 0
1118000, 6320, 1, 0, 0
1120000, 5897, 1, 0, 0
1122000, 6351, 1, 0, 0
1124000, 5924, 1, 0, 0
1126000, 5740, 1, 0, 0
1128000, 6201, 1, 0, 0
1130000, 5725, 1, 0, 0
1132000, 5778, 1, 0, 0
1134000, 6236, 1, 0, 0
1136000, 5877, 1, 0, 0
1138000, 6223, 1, 0, 0
1140000, 6304, 1, 0, 0
1142000, 6357, 1, 0, 0
1144000, 6046, 1, 0, 0
1146000, 6245, 1, 0, 0
1148000, 5798, 1, 0, 0
1150000, 6116, 1, 0, 0
1152000, 5535, 1, 0, 0
1154000, 5735, 1, 0, 0
1156000, 5736, 1, 0, 0
1158000, 6051, 1, 0, 0
1160000, 5693, 1, 0, 0
1162000, 6691, 1, 0, 0
1164002, 5718, 1, 0, 0
1166000, 5759, 1, 0, 0
1168000, 5975, 1, 0, 0
1170000, 5936, 1, 0, 0
1172000, 6103, 1, 0, 0
1174000, 5628, 1, 0, 0
1176000, 5661, 1, 0, 0
1178000, 5977, 1, 0, 0
1180000, 6063, 1, 0, 0
1182000, 5723, 1, 0, 0
1184000, 6331, 1, 0, 0
1186003, 6157, 1, 0, 0
1188000, 6010, 1, 0, 0
1190000, 5819, 1, 0, 0
1192000, 6242, 1, 0, 0
1194000, 5523, 1, 0, 0
1196000, 6146, 1, 0, 0
1198000, 5620, 1, 0, 0
1200000, 6061, 1, 0, 0
