2000, 3550, 1, 0, 0
4000, 3812, 1, 0, 0
6000, 4167, 1, 0, 0
8000, 4104, 1, 0, 0
10000, 4172, 1, 0, 0
12000, 3858, 1, 0, 0
14000, 4068, 1, 0, 0
16000, 4180, 1, 0, 0
18000, 3638, 1, 0, 0
20000, 4165, 1, 0, 0
22000, 3936, 1, 0, 0
24000, 3836, 1, 0, 0
26000, 4284, 1, 0, 0
28000, 3542, 1, 0, 0
30000, 3954, 1, 0, 0
32000, 3926, 1, 0, 0
34000, 3892, 1, 0, 0
36000, 3972, 1, 0, 0
38000, 3783, 1, 0, 0
40000, 3933, 1, 0, 0
42000, 4375, 1, 0, 0
44000, 3868, 1, 0, 0
46000, 4176, 1, 0, 0
48000, 4665, 1, 0, 0
50000, 3662, 1, 0, 0
52000, 4357, 1, 0, 0
54000, 4401, 1, 0, 0
56000, 3783, 1, 0, 0
58000, 4290, 1, 0, 0
60000, 4211, 1, 0, 0
62000, 4151, 1, 0, 0
64000, 4197, 1, 0, 0
66000, 4149, 1, 0, 0
68000, 4290, 1, 0, 0
70000, 4662, 1, 0, 0
72000, 3954, 1, 0, 0
74000, 3832, 1, 0, 0
76000, 4191, 1, 0, 0
78000, 4267, 1, 0, 0
80000, 4364, 1, 0, 0
82000, 4152, 1, 0, 0
84000, 4136, 1, 0, 0
86000, 4684, 1, 0, 0
88000, 3854, 1, 0, 0
90000, 4215, 1, 0, 0
92000, 4650, 1, 0, 0
94000, 4271, 1, 0, 0
96000, 4541, 1, 0, 0
98000, 3932, 1, 0, 0
100000, 4236, 1, 0, 0
102000, 4686, 1, 0, 0
104001, 3886, 1, 0, 0
106000, 4304, 1, 0, 0
108004, 4622, 1, 0, 0
110000, 3702, 1, 0, 0
112000, 4089, 1, 0, 0
114000, 4138, 1, 0, 0
116000, 4288, 1, 0, 0
118000, 4077, 1, 0, 0
120000, 4188, 1, 0, 0
122000, 4311, 1, 0, 0
124000, 4609, 1, 0, 0
126000, 4223, 1, 0, 0
128000, 5740, 1, 0, 0
130000, 3899, 1, 0, 0
132000, 4299, 1, 0, 0
134000, 4674, 1, 0, 0
136000, 3653, 1, 0, 0
138000, 4205, 1, 0, 0
140000, 4658, 1, 0, 0
142000, 4426, 1, 0, 0
144000, 4164, 1, 0, 0
146000, 4477, 1, 0, 0
148000, 4507, 1, 0, 0
150000, 3784, 1, 0, 0
152000, 4147, 1, 0, 0
154000, 4316, 1, 0, 0
156000, 4403, 1, 0, 0
158000, 4436, 1, 0, 0
160000, 3705, 1, 0, 0
162000, 4375, 1, 0, 0
164000, 4707, 1, 0, 0
166000, 3758, 1, 0, 0
168000, 4395, 1, 0, 0
170000, 4140, 1, 0, 0
172000, 4358, 1, 0, 0
174000, 4539, 1, 0, 0
176000, 3827, 1, 0, 0
178000, 4469, 1, 0, 0
180000, 4019, 1, 0, 0
182000, 6356, 1, 0, 0
184000, 4076, 1, 0, 0
186000, 4262, 1, 0, 0
188000, 4356, 1, 0, 0
190000, 4043, 1, 0, 0
192000, 4235, 1, 0, 0
194000, 7546, 1, 0, 0
196000, 7669, 1, 0, 0
198000, 6375, 1, 0, 0
200000, 3901, 1, 0, 0
202000, 4308, 1, 0, 0
204000, 4556, 1, 0, 0
206000, 4716, 1, 0, 0
208000, 3877, 1, 0, 0
210000, 5476, 1, 0, 0
212000, 5331, 1, 0, 0
214000, 4320, 1, 0, 0
216000, 4449, 1, 0, 0
218000, 4487, 1, 0, 0
220000, 3917, 1, 0, 0
222000, 4241, 1, 0, 0
224000, 4387, 1, 0, 0
226000, 4550, 1, 0, 0
228000, 4305, 1, 0, 0
230000, 3798, 1, 0, 0
232000, 4656, 1, 0, 0
234000, 4315, 1, 0, 0
236000, 3894, 1, 0, 0
238009, 4248, 1, 0, 0
240000, 4335, 1, 0, 0
242000, 4414, 1, 0, 0
244000, 4485, 1, 0, 0
246000, 3896, 1, 0, 0
248000, 4986, 1, 0, 0
250000, 4384, 1, 0, 0
252000, 4037, 1, 0, 0
254000, 4317, 1, 0, 0
256000, 4610, 1, 0, 0
258000, 4086, 1, 0, 0
260000, 3915, 1, 0, 0
262000, 4234, 1, 0, 0
264000, 4352, 1, 0, 0
266000, 4319, 1, 0, 0
268000, 4068, 1, 0, 0
270000, 4472, 1, 0, 0
272000, 4390, 1, 0, 0
274000, 3900, 1, 0, 0
276000, 4246, 1, 0, 0
278000, 4180, 1, 0, 0
280000, 4570, 1, 0, 0
282000, 4014, 1, 0, 0
284000, 4189, 1, 0, 0
286000, 4286, 1, 0, 0
288000, 4622, 1, 0, 0
290000, 3919, 1, 0, 0
292000, 5210, 1, 0, 0
294000, 7577, 1, 0, 0
296000, 7241, 1, 0, 0
298000, 4797, 1, 0, 0
300000, 4686, 1, 0, 0
302000, 6498, 1, 0, 0
304000, 4008, 1, 0, 0
306000, 4335, 1, 0, 0
308000, 4379, 1, 0, 0
310000, 4591, 1, 0, 0
312000, 3827, 1, 0, 0
314000, 4445, 1, 0, 0
316000, 4447, 1, 0, 0
318000, 3922, 1, 0, 0
320000, 4714, 1, 0, 0
322000, 5057, 1, 0, 0
324000, 5143, 1, 0, 0
326000, 5218, 1, 0, 0
328000, 4630, 1, 0, 0
330000, 5172, 1, 0, 0
332000, 5248, 1, 0, 0
334000, 4942, 1, 0, 0
336000, 5036, 1, 0, 0
338000, 4858, 1, 0, 0
340000, 5047, 1, 0, 0
342000, 4581, 1, 0, 0
344000, 4290, 1, 0, 0
346000, 4500, 1, 0, 0
348000, 4578, 1, 0, 0
350000, 4502, 1, 0, 0
352000, 4765, 1, 0, 0
354000, 4452, 1, 0, 0
356000, 5501, 1, 0, 0
358000, 5152, 1, 0, 0
360000, 5240, 1, 0, 0
362000, 5456, 1, 0, 0
364000, 4725, 1, 0, 0
366000, 5135, 1, 0, 0
368000, 5303, 1, 0, 0
370000, 5248, 1, 0, 0
372000, 5233, 1, 0, 0
374000, 4600, 1, 0, 0
376000, 5090, 1, 0, 0
378000, 5198, 1, 0, 0
380000, 5839, 1, 0, 0
382000, 4913, 1, 0, 0
384000, 5020, 1, 0, 0
386000, 5152, 1, 0, 0
388000, 5255, 1, 0, 0
390000, 6309, 1, 0, 0
392000, 4931, 1, 0, 0
394000, 4986, 1, 0, 0
396000, 5062, 1, 0, 0
398000, 5260, 1, 0, 0
400000, 4860, 1, 0, 0
402000, 4777, 1, 0, 0
404000, 4689, 1, 0, 0
406000, 4711, 1, 0, 0
408000, 4597, 1, 0, 0
410000, 6635, 1, 0, 0
412000, 6977, 1, 0, 0
414000, 6991, 1, 0, 0
416000, 7202, 1, 0, 0
418000, 7117, 1, 0, 0
420000, 7520, 1, 0, 0
422000, 7142, 1, 0, 0
424000, 4371, 1, 0, 0
426000, 4827, 1, 0, 0
428000, 5414, 1, 0, 0
430000, 5427, 1, 0, 0
432000, 4691, 1, 0, 0
434000, 4593, 1, 0, 0
436000, 5090, 1, 0, 0
438000, 4971, 1, 0, 0
440000, 5230, 1, 0, 0
442000, 5251, 1, 0, 0
444000, 5007, 1, 0, 0
446000, 5217, 1, 0, 0
448000, 5251, 1, 0, 0
450000, 5282, 1, 0, 0
452000, 5335, 1, 0, 0
454000, 4932, 1, 0, 0
456000, 5197, 1, 0, 0
458000, 4969, 1, 0, 0
460000, 4915, 1, 0, 0
462000, 5306, 1, 0, 0
464000, 5341, 1, 0, 0
466000, 5258, 1, 0, 0
468000, 5059, 1, 0, 0
470000, 5321, 1, 0, 0
472000, 5096, 1, 0, 0
474000, 5360, 1, 0, 0
476000, 5355, 1, 0, 0
478000, 5347, 1, 0, 0
480000, 5302, 1, 0, 0
482000, 5693, 1, 0, 0
484000, 5370, 1, 0, 0
486000, 5075, 1, 0, 0
488000, 5040, 1, 0, 0
490000, 5317, 1, 0, 0
492000, 5124, 1, 0, 0
494000, 5298, 1, 0, 0
496000, 5401, 1, 0, 0
498000, 5319, 1, 0, 0
500000, 5414, 1, 0, 0
502000, 5226, 1, 0, 0
504000, 5233, 1, 0, 0
506000, 5062, 1, 0, 0
508000, 4927, 1, 0, 0
510000, 5149, 1, 0, 0
512000, 5245, 1, 0, 0
514000, 5260, 1, 0, 0
516000, 5259, 1, 0, 0
518000, 5351, 1, 0, 0
520000, 5181, 1, 0, 0
522000, 4870, 1, 0, 0
524000, 5001, 1, 0, 0
526000, 5339, 1, 0, 0
528000, 5336, 1, 0, 0
530000, 5356, 1, 0, 0
532000, 5000, 1, 0, 0
534000, 5090, 1, 0, 0
536000, 5383, 1, 0, 0
538000, 5130, 1, 0, 0
540000, 5294, 1, 0, 0
542000, 5880, 1, 0, 0
544000, 5506, 1, 0, 0
546000, 5335, 1, 0, 0
548000, 4814, 1, 0, 0
550000, 5423, 1, 0, 0
552000, 5388, 1, 0, 0
554000, 5362, 1, 0, 0
556000, 5153, 1, 0, 0
558000, 5275, 1, 0, 0
560000, 5266, 1, 0, 0
562000, 5350, 1, 0, 0
564000, 5294, 1, 0, 0
566000, 5315, 1, 0, 0
568000, 5276, 1, 0, 0
570000, 5305, 1, 0, 0
572000, 5370, 1, 0, 0
574000, 5515, 1, 0, 0
576000, 5775, 1, 0, 0
578000, 5144, 1, 0, 0
580000, 4808, 1, 0, 0
582000, 5000, 1, 0, 0
584000, 5465, 1, 0, 0
586000, 5445, 1, 0, 0
588000, 5562, 1, 0, 0
590000, 5384, 1, 0, 0
592003, 5716, 1, 0, 0
594000, 5315, 1, 0, 0
596000, 5405, 1, 0, 0
598000, 5693, 1, 0, 0
600000, 6375, 1, 0, 0
602000, 6364, 1, 0, 0
604000, 6386, 1, 0, 0
606000, 6373, 1, 0, 0
608000, 6393, 1, 0, 0
610000, 5780, 1, 0, 0
612000, 5468, 1, 0, 0
614000, 5675, 1, 0, 0
616000, 5293, 1, 0, 0
618000, 5270, 1, 0, 0
620000, 5604, 1, 0, 0
622005, 6709, 1, 0, 0
624000, 6715, 1, 0, 0
626000, 6722, 1, 0, 0
628000, 6734, 1, 0, 0
630000, 5825, 1, 0, 0
632000, 5680, 1, 0, 0
634000, 5905, 1, 0, 0
636000, 5415, 1, 0, 0
638002, 6034, 1, 0, 0
640000, 6713, 1, 0, 0
642003, 6508, 1, 0, 0
644000, 5685, 1, 0, 0
646003, 6466, 1, 0, 0
648000, 5603, 1, 0, 0
650000, 5665, 1, 0, 0
652000, 6258, 1, 0, 0
654000, 5773, 1, 0, 0
656000, 5072, 1, 0, 0
658000, 4580, 1, 0, 0
660000, 4597, 1, 0, 0
662000, 4696, 1, 0, 0
664000, 4519, 1, 0, 0
666052, 5150, 1, 0, 0
668000, 4854, 1, 0, 0
670000, 5255, 1, 0, 0
672000, 4876, 1, 0, 0
674000, 4995, 1, 0, 0
676000, 4701, 1, 0, 0
678000, 4820, 1, 0, 0
680000, 4806, 1, 0, 0
682000, 4834, 1, 0, 0
684000, 4918, 1, 0, 0
686000, 4811, 1, 0, 0
688000, 4195, 1, 0, 0
690000, 4867, 1, 0, 0
692000, 4374, 1, 0, 0
694000, 5196, 1, 0, 0
696000, 4653, 1, 0, 0
698000, 4878, 1, 0, 0
700133, 5118, 1, 0, 0
702000, 4631, 1, 0, 0
704025, 5598, 1, 0, 0
706000, 5902, 1, 0, 0
708000, 5253, 1, 0, 0
710000, 5481, 1, 0, 0
712000, 5074, 1, 0, 0
714000, 5168, 1, 0, 0
716000, 5021, 1, 0, 0
718000, 4888, 1, 0, 0
720000, 5314, 1, 0, 0
722000, 5329, 1, 0, 0
724000, 5453, 1, 0, 0
726000, 5417, 1, 0, 0
728000, 5672, 1, 0, 0
730000, 5469, 1, 0, 0
732000, 5472, 1, 0, 0
734000, 6590, 1, 0, 0
736000, 6604, 1, 0, 0
738000, 6697, 1, 0, 0
740000, 6773, 1, 0, 0
742000, 6755, 1, 0, 0
744000, 6625, 1, 0, 0
746000, 5823, 1, 0, 0
748000, 5829, 1, 0, 0
750000, 5674, 1, 0, 0
752000, 5965, 1, 0, 0
754004, 6651, 1, 0, 0
756000, 5827, 1, 0, 0
758000, 6589, 1, 0, 0
760000, 7620, 1, 0, 0
762007, 5997, 1, 0, 0
764003, 6732, 1, 0, 0
766000, 6721, 1, 0, 0
768000, 5965, 1, 0, 0
770000, 5962, 1, 0, 0
772000, 5963, 1, 0, 0
774000, 5693, 1, 0, 0
776000, 6778, 1, 0, 0
778000, 5693, 1, 0, 0
780000, 6772, 1, 0, 0
782008, 6769, 1, 0, 0
784000, 6532, 1, 0, 0
786000, 6089, 1, 0, 0
788000, 5989, 1, 0, 0
790000, 5859, 1, 0, 0
792000, 6013, 1, 0, 0
794000, 5787, 1, 0, 0
796000, 6386, 1, 0, 0
798000, 6779, 1, 0, 0
800000, 6746, 1, 0, 0
802000, 6664, 1, 0, 0
804005, 5896, 1, 0, 0
806000, 6970, 1, 0, 0
808000, 7526, 1, 0, 0
810000, 7645, 1, 0, 0
812000, 7625, 1, 0, 0
814000, 8163, 1, 0, 0
816000, 8080, 1, 0, 0
818000, 7058, 1, 0, 0
820000, 7084, 1, 0, 0
822000, 7759, 1, 0, 0
824000, 7417, 1, 0, 0
826000, 7972, 1, 0, 0
828000, 7938, 1, 0, 0
830000, 8063, 1, 0, 0
832000, 8197, 1, 0, 0
834000, 8105, 1, 0, 0
836000, 8357, 1, 0, 0
838000, 6957, 1, 0, 0
840000, 7923, 1, 0, 0
842000, 8029, 1, 0, 0
844000, 5483, 1, 0, 0
846000, 6552, 1, 0, 0
848000, 8305, 1, 0, 0
850000, 6480, 1, 0, 0
852000, 6228, 1, 0, 0
854000, 6720, 1, 0, 0
856000, 6511, 1, 0, 0
858024, 6570, 1, 0, 0
860000, 6165, 1, 0, 0
862000, 6689, 1, 0, 0
864000, 6435, 1, 0, 0
866000, 6561, 1, 0, 0
868000, 6635, 1, 0, 0
870000, 6508, 1, 0, 0
872000, 6737, 1, 0, 0
874000, 6507, 1, 0, 0
876000, 6211, 1, 0, 0
878000, 6509, 1, 0, 0
880000, 6469, 1, 0, 0
882000, 6355, 1, 0, 0
884000, 6504, 1, 0, 0
886000, 6794, 1, 0, 0
888000, 6290, 1, 0, 0
890000, 6259, 1, 0, 0
892000, 6851, 1, 0, 0
894000, 6505, 1, 0, 0
896000, 6631, 1, 0, 0
898000, 6848, 1, 0, 0
900000, 6888, 1, 0, 0
902000, 6893, 1, 0, 0
904000, 6493, 1, 0, 0
906000, 6818, 1, 0, 0
908000, 6620, 1, 0, 0
910000, 6312, 1, 0, 0
912000, 6729, 1, 0, 0
914000, 6605, 1, 0, 0
916000, 6897, 1, 0, 0
918000, 6592, 1, 0, 0
920000, 6735, 1, 0, 0
922000, 6746, 1, 0, 0
924000, 6513, 1, 0, 0
926000, 6408, 1, 0, 0
928000, 6394, 1, 0, 0
930000, 6205, 1, 0, 0
932000, 8565, 1, 0, 0
934000, 6811, 1, 0, 0
936000, 6820, 1, 0, 0
938000, 6506, 1, 0, 0
940000, 6572, 1, 0, 0
942000, 6776, 1, 0, 0
944000, 6792, 1, 0, 0
946000, 6439, 1, 0, 0
948000, 6749, 1, 0, 0
950000, 6640, 1, 0, 0
952000, 6948, 1, 0, 0
954000, 6741, 1, 0, 0
956018, 7545, 1, 0, 0
958000, 6668, 1, 0, 0
960000, 7482, 1, 0, 0
962000, 7728, 1, 0, 0
964000, 7062, 1, 0, 0
966000, 7032, 1, 0, 0
968000, 6603, 1, 0, 0
970000, 6843, 1, 0, 0
972000, 6351, 1, 0, 0
974000, 6244, 1, 0, 0
976000, 6421, 1, 0, 0
978000, 6957, 1, 0, 0
980000, 6862, 1, 0, 0
982000, 6613, 1, 0, 0
984000, 7294, 1, 0, 0
986000, 6631, 1, 0, 0
988000, 6958, 1, 0, 0
990000, 6561, 1, 0, 0
992000, 5768, 1, 0, 0
994000, 6816, 1, 0, 0
996000, 8390, 1, 0, 0
998000, 8230, 1, 0, 0
1000000, 7857, 1, 0, 0
1002000, 7718, 1, 0, 0
1004000, 7721, 1, 0, 0
1006005, 7685, 1, 0, 0
1008000, 7664, 1, 0, 0
1010000, 7504, 1, 0, 0
1012000, 6863, 1, 0, 0
1014023, 7081, 1, 0, 0
1016000, 6824, 1, 0, 0
1018001, 7065, 1, 0, 0
1020000, 7321, 1, 0, 0
1022000, 7077, 1, 0, 0
1024000, 6952, 1, 0, 0
1026000, 6916, 1, 0, 0
1028000, 7696, 1, 0, 0
1030000, 7291, 1, 0, 0
1032000, 7282, 1, 0, 0
1034000, 7161, 1, 0, 0
1036000, 7693, 1, 0, 0
1038000, 7527, 1, 0, 0
1040000, 7426, 1, 0, 0
1042000, 7530, 1, 0, 0
1044000, 7678, 1, 0, 0
1046000, 7526, 1, 0, 0
1048000, 7064, 1, 0, 0
1050000, 7815, 1, 0, 0
1052000, 7745, 1, 0, 0
1054000, 7503, 1, 0, 0
1056000, 7262, 1, 0, 0
1058000, 7932, 1, 0, 0
1060000, 6385, 1, 0, 0
1062000, 7236, 1, 0, 0
1064000, 6895, 1, 0, 0
1066000, 5051, 1, 0, 0
1068000, 4744, 1, 0, 0
1070000, 4973, 1, 0, 0
1072000, 4954, 1, 0, 0
1074000, 5623, 1, 0, 0
1076000, 5550, 1, 0, 0
1078000, 5878, 1, 0, 0
1080016, 5674, 1, 0, 0
1082000, 5057, 1, 0, 0
1084000, 5674, 1, 0, 0
1086000, 5494, 1, 0, 0
1088000, 5656, 1, 0, 0
1090000, 5497, 1, 0, 0
1092000, 5565, 1, 0, 0
1094000, 5564, 1, 0, 0
1096000, 5593, 1, 0, 0
1098000, 5313, 1, 0, 0
1100000, 5504, 1, 0, 0
1102000, 5561, 1, 0, 0
1104000, 5520, 1, 0, 0
1106003, 6735, 1, 0, 0
1108008, 7132, 1, 0, 0
1110000, 7133, 1, 0, 0
1112000, 6635, 1, 0, 0
1114000, 6563, 1, 0, 0
1116000, 5968, 1, 0, 0
1118000, 6389, 1, 0, 0
1120008, 6647, 1, 0, 0
1122000, 6831, 1, 0, 0
1124000, 7092, 1, 0, 0
1126000, 6587, 1, 0, 0
1128000, 5967, 1, 0, 0
1130000, 6353, 1, 0, 0
1132000, 6227, 1, 0, 0
1134000, 7175, 1, 0, 0
1136000, 7042, 1, 0, 0
1138000, 6144, 1, 0, 0
1140000, 6326, 1, 0, 0
1142008, 6300, 1, 0, 0
1144000, 6038, 1, 0, 0
1146000, 6854, 1, 0, 0
1148000, 6685, 1, 0, 0
1150005, 6538, 1, 0, 0
1152000, 6474, 1, 0, 0
1154023, 6912, 1, 0, 0
1156000, 6281, 1, 0, 0
1158000, 6265, 1, 0, 0
1160000, 6145, 1, 0, 0
1162000, 6406, 1, 0, 0
1164000, 6366, 1, 0, 0
1166000, 6774, 1, 0, 0
1168005, 6200, 1, 0, 0
1170009, 6584, 1, 0, 0
1172000, 6943, 1, 0, 0
1174000, 6420, 1, 0, 0
1176000, 6595, 1, 0, 0
1178000, 6318, 1, 0, 0
1180015, 6721, 1, 0, 0
1182000, 6197, 1, 0, 0
1184000, 6071, 1, 0, 0
1186000, 6536, 1, 0, 0
1188000, 6528, 1, 0, 0
1190000, 6690, 1, 0, 0
1192000, 6946, 1, 0, 0
1194000, 6471, 1, 0, 0
1196000, 6747, 1, 0, 0
1198000, 6502, 1, 0, 0
1200010, 6431, 1, 0, 0
