2000, 257411, 1, 0, 0
4000, 241264, 1, 0, 0
6000, 221738, 1, 0, 0
8000, 224877, 1, 0, 0
10000, 221555, 1, 0, 0
12000, 238214, 1, 0, 0
14000, 226449, 1, 0, 0
16000, 220995, 1, 0, 0
18000, 251449, 1, 0, 0
20000, 221770, 1, 0, 0
22000, 233822, 1, 0, 0
24000, 239296, 1, 0, 0
26000, 216137, 1, 0, 0
28000, 258202, 1, 0, 0
30001, 232961, 1, 0, 0
32000, 234145, 1, 0, 0
34000, 236061, 1, 0, 0
36000, 231951, 1, 0, 0
38000, 242205, 1, 0, 0
40000, 233798, 1, 0, 0
42000, 211778, 1, 0, 0
44000, 237899, 1, 0, 0
46000, 221658, 1, 0, 0
48000, 199448, 1, 0, 0
50000, 250089, 1, 0, 0
52000, 212917, 1, 0, 0
54000, 210861, 1, 0, 0
56000, 242549, 1, 0, 0
58000, 215837, 1, 0, 0
60000, 219549, 1, 0, 0
62000, 222715, 1, 0, 0
64000, 220476, 1, 0, 0
66000, 222773, 1, 0, 0
68000, 215948, 1, 0, 0
70000, 199842, 1, 0, 0
72000, 233094, 1, 0, 0
74000, 239935, 1, 0, 0
76000, 220872, 1, 0, 0
78000, 216941, 1, 0, 0
80000, 212684, 1, 0, 0
82000, 222714, 1, 0, 0
84000, 223542, 1, 0, 0
86000, 198937, 1, 0, 0
88000, 238432, 1, 0, 0
90000, 219513, 1, 0, 0
92000, 200326, 1, 0, 0
94000, 216684, 1, 0, 0
96000, 204767, 1, 0, 0
98000, 233988, 1, 0, 0
100000, 218284, 1, 0, 0
102000, 198684, 1, 0, 0
104000, 236627, 1, 0, 0
106000, 215090, 1, 0, 0
108000, 201788, 1, 0, 0
110000, 246914, 1, 0, 0
112000, 225692, 1, 0, 0
114000, 223223, 1, 0, 0
116000, 215937, 1, 0, 0
118000, 226422, 1, 0, 0
120000, 220773, 1, 0, 0
122000, 214956, 1, 0, 0
124000, 201880, 1, 0, 0
126000, 219223, 1, 0, 0
128000, 164526, 1, 0, 0
130000, 236148, 1, 0, 0
132000, 215675, 1, 0, 0
134001, 199302, 1, 0, 0
136000, 250528, 1, 0, 0
138000, 219989, 1, 0, 0
140000, 199704, 1, 0, 0
142000, 209679, 1, 0, 0
144000, 221679, 1, 0, 0
146000, 207676, 1, 0, 0
148000, 206398, 1, 0, 0
150000, 242519, 1, 0, 0
152000, 222744, 1, 0, 0
154000, 214783, 1, 0, 0
156000, 210774, 1, 0, 0
158000, 209677, 1, 0, 0
160000, 247875, 1, 0, 0
162000, 212136, 1, 0, 0
164000, 198061, 1, 0, 0
166000, 244178, 1, 0, 0
168000, 211166, 1, 0, 0
170000, 223264, 1, 0, 0
172000, 212791, 1, 0, 0
174000, 205314, 1, 0, 0
176000, 240654, 1, 0, 0
178000, 208256, 1, 0, 0
180000, 230038, 1, 0, 0
182000, 149466, 1, 0, 0
184000, 226451, 1, 0, 0
186000, 217313, 1, 0, 0
188000, 212952, 1, 0, 0
190000, 228281, 1, 0, 0
192000, 218631, 1, 0, 0
194000, 126694, 1, 0, 0
196000, 124934, 1, 0, 0
198000, 149014, 1, 0, 0
200000, 235899, 1, 0, 0
202000, 215032, 1, 0, 0
204000, 204326, 1, 0, 0
206000, 197739, 1, 0, 0
208000, 237149, 1, 0, 0
210000, 171861, 1, 0, 0
212000, 176417, 1, 0, 0
214000, 214533, 1, 0, 0
216000, 208664, 1, 0, 0
218000, 207080, 1, 0, 0
220000, 234990, 1, 0, 0
222000, 218201, 1, 0, 0
224000, 211395, 1, 0, 0
226000, 204337, 1, 0, 0
228001, 215403, 1, 0, 0
230001, 241834, 1, 0, 0
232001, 200172, 1, 0, 0
234000, 215051, 1, 0, 0
236000, 236395, 1, 0, 0
238000, 219030, 1, 0, 0
240000, 213034, 1, 0, 0
242001, 210421, 1, 0, 0
244000, 207323, 1, 0, 0
246000, 236308, 1, 0, 0
248000, 187715, 1, 0, 0
250000, 211677, 1, 0, 0
252000, 228545, 1, 0, 0
254000, 214928, 1, 0, 0
256000, 202039, 1, 0, 0
258000, 226035, 1, 0, 0
260000, 235137, 1, 0, 0
262000, 218653, 1, 0, 0
264000, 213106, 1, 0, 0
266000, 214794, 1, 0, 0
268000, 226954, 1, 0, 0
270000, 207854, 1, 0, 0
272000, 211591, 1, 0, 0
274000, 236366, 1, 0, 0
276000, 218304, 1, 0, 0
278000, 221390, 1, 0, 0
280000, 203706, 1, 0, 0
282000, 229743, 1, 0, 0
284000, 220784, 1, 0, 0
286000, 215750, 1, 0, 0
288000, 201461, 1, 0, 0
290000, 234822, 1, 0, 0
292000, 180081, 1, 0, 0
294000, 126361, 1, 0, 0
296000, 131872, 1, 0, 0
298000, 194996, 1, 0, 0
300000, 199134, 1, 0, 0
302000, 146252, 1, 0, 0
304000, 230689, 1, 0, 0
306000, 213901, 1, 0, 0
308000, 211835, 1, 0, 0
310000, 202783, 1, 0, 0
312000, 240081, 1, 0, 0
314000, 208952, 1, 0, 0
316000, 208881, 1, 0, 0
318000, 234466, 1, 0, 0
320000, 197704, 1, 0, 0
322000, 185163, 1, 0, 0
324000, 182452, 1, 0, 0
326000, 179979, 1, 0, 0
328000, 201407, 1, 0, 0
330000, 181687, 1, 0, 0
332000, 179112, 1, 0, 0
334000, 189545, 1, 0, 0
336000, 186314, 1, 0, 0
338000, 192500, 1, 0, 0
340000, 185405, 1, 0, 0
342000, 203229, 1, 0, 0
344000, 216004, 1, 0, 0
346000, 206753, 1, 0, 0
348000, 203744, 1, 0, 0
350000, 206831, 1, 0, 0
352000, 196198, 1, 0, 0
354000, 208628, 1, 0, 0
356000, 171125, 1, 0, 0
358000, 182010, 1, 0, 0
360000, 179210, 1, 0, 0
362000, 172538, 1, 0, 0
364000, 197510, 1, 0, 0
366000, 182723, 1, 0, 0
368000, 177187, 1, 0, 0
370000, 178946, 1, 0, 0
372000, 179601, 1, 0, 0
374000, 202401, 1, 0, 0
376000, 184199, 1, 0, 0
378000, 180456, 1, 0, 0
380000, 161848, 1, 0, 0
382000, 190330, 1, 0, 0
384000, 186583, 1, 0, 0
386000, 181933, 1, 0, 0
388000, 178495, 1, 0, 0
390000, 150406, 1, 0, 0
392000, 189751, 1, 0, 0
394000, 187674, 1, 0, 0
396000, 185045, 1, 0, 0
398000, 178623, 1, 0, 0
400000, 192389, 1, 0, 0
402000, 195523, 1, 0, 0
404000, 198722, 1, 0, 0
406000, 197938, 1, 0, 0
408000, 202641, 1, 0, 0
410000, 143360, 1, 0, 0
412000, 136684, 1, 0, 0
414000, 136372, 1, 0, 0
416000, 132479, 1, 0, 0
418000, 134060, 1, 0, 0
420000, 127202, 1, 0, 0
422000, 133660, 1, 0, 0
424000, 212549, 1, 0, 0
426000, 193656, 1, 0, 0
428000, 173821, 1, 0, 0
430000, 173481, 1, 0, 0
432000, 198919, 1, 0, 0
434000, 202942, 1, 0, 0
436000, 184403, 1, 0, 0
438000, 188281, 1, 0, 0
440000, 179489, 1, 0, 0
442000, 178984, 1, 0, 0
444000, 187109, 1, 0, 0
446000, 180001, 1, 0, 0
448000, 178834, 1, 0, 0
450000, 177771, 1, 0, 0
452000, 176416, 1, 0, 0
454000, 189796, 1, 0, 0
456000, 180707, 1, 0, 0
458000, 188854, 1, 0, 0
460000, 190611, 1, 0, 0
462000, 177191, 1, 0, 0
464000, 176322, 1, 0, 0
466000, 178859, 1, 0, 0
468000, 185517, 1, 0, 0
470000, 176949, 1, 0, 0
472000, 184000, 1, 0, 0
474000, 175486, 1, 0, 0
476000, 175574, 1, 0, 0
478000, 175613, 1, 0, 0
480000, 177245, 1, 0, 0
482000, 165683, 1, 0, 0
484000, 175052, 1, 0, 0
486000, 184639, 1, 0, 0
488000, 185817, 1, 0, 0
490000, 176792, 1, 0, 0
492000, 183026, 1, 0, 0
494000, 177231, 1, 0, 0
496000, 174014, 1, 0, 0
498000, 176666, 1, 0, 0
500000, 173691, 1, 0, 0
502000, 179790, 1, 0, 0
504000, 179608, 1, 0, 0
506000, 185056, 1, 0, 0
508000, 189846, 1, 0, 0
510000, 182220, 1, 0, 0
512000, 179065, 1, 0, 0
514000, 178525, 1, 0, 0
516000, 178529, 1, 0, 0
518000, 175684, 1, 0, 0
520000, 181167, 1, 0, 0
522000, 192018, 1, 0, 0
524000, 187253, 1, 0, 0
526000, 176072, 1, 0, 0
528000, 176212, 1, 0, 0
530000, 175475, 1, 0, 0
532000, 187298, 1, 0, 0
534000, 184199, 1, 0, 0
536000, 174847, 1, 0, 0
538000, 182784, 1, 0, 0
540000, 177516, 1, 0, 0
542001, 160872, 1, 0, 0
544000, 171337, 1, 0, 0
546000, 176453, 1, 0, 0
548000, 194315, 1, 0, 0
550000, 173470, 1, 0, 0
552000, 174525, 1, 0, 0
554000, 175352, 1, 0, 0
556000, 182004, 1, 0, 0
558000, 178008, 1, 0, 0
560000, 178358, 1, 0, 0
562000, 175715, 1, 0, 0
564000, 177441, 1, 0, 0
566000, 176741, 1, 0, 0
568000, 178045, 1, 0, 0
570000, 177107, 1, 0, 0
572000, 175060, 1, 0, 0
574000, 170785, 1, 0, 0
576000, 163495, 1, 0, 0
578000, 182324, 1, 0, 0
580000, 194201, 1, 0, 0
582000, 187301, 1, 0, 0
584000, 172459, 1, 0, 0
586001, 173045, 1, 0, 0
588000, 169654, 1, 0, 0
590000, 174932, 1, 0, 0
592000, 165468, 1, 0, 0
594000, 176691, 1, 0, 0
596000, 174230, 1, 0, 0
598001, 165813, 1, 0, 0
600000, 148826, 1, 0, 0
602000, 149199, 1, 0, 0
604000, 148798, 1, 0, 0
606000, 148863, 1, 0, 0
608000, 148496, 1, 0, 0
610000, 163483, 1, 0, 0
612000, 172203, 1, 0, 0
614001, 166372, 1, 0, 0
616000, 177776, 1, 0, 0
618000, 178463, 1, 0, 0
620000, 168445, 1, 0, 0
622000, 142089, 1, 0, 0
624000, 141433, 1, 0, 0
626000, 141673, 1, 0, 0
628000, 141366, 1, 0, 0
630000, 162280, 1, 0, 0
632000, 166147, 1, 0, 0
634000, 160232, 1, 0, 0
636000, 173775, 1, 0, 0
638000, 157009, 1, 0, 0
640000, 141570, 1, 0, 0
642000, 146038, 1, 0, 0
644000, 166030, 1, 0, 0
646000, 147011, 1, 0, 0
648000, 168000, 1, 0, 0
650000, 166477, 1, 0, 0
652000, 151517, 1, 0, 0
654000, 163480, 1, 0, 0
656000, 184694, 1, 0, 0
658000, 203568, 1, 0, 0
660000, 202775, 1, 0, 0
662000, 198777, 1, 0, 0
664000, 205940, 1, 0, 0
666000, 187146, 1, 0, 0
668000, 187632, 1, 0, 0
670000, 178901, 1, 0, 0
672000, 192015, 1, 0, 0
674000, 187435, 1, 0, 0
676000, 198234, 1, 0, 0
678000, 193709, 1, 0, 0
680000, 194240, 1, 0, 0
682001, 193202, 1, 0, 0
684000, 190109, 1, 0, 0
686000, 194044, 1, 0, 0
688000, 220482, 1, 0, 0
690000, 192080, 1, 0, 0
692000, 212267, 1, 0, 0
694000, 180705, 1, 0, 0
696000, 200297, 1, 0, 0
698000, 191556, 1, 0, 0
700000, 195320, 1, 0, 0
702000, 187656, 1, 0, 0
704000, 170465, 1, 0, 0
706000, 158267, 1, 0, 0
708000, 178877, 1, 0, 0
710000, 171735, 1, 0, 0
712000, 184689, 1, 0, 0
714001, 181502, 1, 0, 0
716000, 186489, 1, 0, 0
718000, 191242, 1, 0, 0
720000, 176833, 1, 0, 0
722000, 176352, 1, 0, 0
724000, 172544, 1, 0, 0
726000, 173670, 1, 0, 0
728000, 166259, 1, 0, 0
730000, 172085, 1, 0, 0
732000, 171877, 1, 0, 0
734000, 144256, 1, 0, 0
736000, 143928, 1, 0, 0
738000, 142027, 1, 0, 0
740000, 140568, 1, 0, 0
742000, 140840, 1, 0, 0
744000, 143574, 1, 0, 0
746000, 162319, 1, 0, 0
748000, 162152, 1, 0, 0
750000, 166315, 1, 0, 0
752000, 158596, 1, 0, 0
754000, 143418, 1, 0, 0
756000, 162058, 1, 0, 0
758000, 144350, 1, 0, 0
760000, 125699, 1, 0, 0
762000, 158536, 1, 0, 0
764000, 140891, 1, 0, 0
766000, 141377, 1, 0, 0
768000, 158557, 1, 0, 0
770000, 158581, 1, 0, 0
772000, 158758, 1, 0, 0
774000, 165912, 1, 0, 0
776000, 140480, 1, 0, 0
778000, 165819, 1, 0, 0
780000, 140610, 1, 0, 0
782000, 141174, 1, 0, 0
784000, 145103, 1, 0, 0
786000, 155618, 1, 0, 0
788000, 158041, 1, 0, 0
790000, 161420, 1, 0, 0
792000, 157410, 1, 0, 0
794000, 163378, 1, 0, 0
796000, 148731, 1, 0, 0
798000, 140484, 1, 0, 0
800000, 141129, 1, 0, 0
802000, 142671, 1, 0, 0
804000, 160843, 1, 0, 0
806000, 136499, 1, 0, 0
808000, 127203, 1, 0, 0
810000, 125304, 1, 0, 0
812000, 125565, 1, 0, 0
814000, 117619, 1, 0, 0
816000, 118777, 1, 0, 0
818000, 135210, 1, 0, 0
820000, 134772, 1, 0, 0
822000, 123517, 1, 0, 0
824000, 128985, 1, 0, 0
826000, 120317, 1, 0, 0
828000, 120977, 1, 0, 0
830000, 119186, 1, 0, 0
832000, 117209, 1, 0, 0
834000, 118456, 1, 0, 0
836000, 115037, 1, 0, 0
838000, 136981, 1, 0, 0
840000, 121074, 1, 0, 0
842000, 119499, 1, 0, 0
844000, 171743, 1, 0, 0
846000, 145109, 1, 0, 0
848000, 115645, 1, 0, 0
850000, 146666, 1, 0, 0
852000, 152260, 1, 0, 0
854000, 141695, 1, 0, 0
856000, 146040, 1, 0, 0
858000, 146452, 1, 0, 0
860000, 151860, 1, 0, 0
862000, 142218, 1, 0, 0
864000, 147614, 1, 0, 0
866000, 144926, 1, 0, 0
868000, 143403, 1, 0, 0
870000, 146000, 1, 0, 0
872000, 141276, 1, 0, 0
874000, 146040, 1, 0, 0
876000, 152575, 1, 0, 0
878000, 146023, 1, 0, 0
880000, 146931, 1, 0, 0
882000, 149382, 1, 0, 0
884000, 146142, 1, 0, 0
886000, 140206, 1, 0, 0
888000, 150854, 1, 0, 0
890000, 151587, 1, 0, 0
892000, 139026, 1, 0, 0
894000, 146112, 1, 0, 0
896000, 143428, 1, 0, 0
898000, 139088, 1, 0, 0
900000, 138238, 1, 0, 0
902000, 138189, 1, 0, 0
904000, 146400, 1, 0, 0
906000, 139916, 1, 0, 0
908000, 143782, 1, 0, 0
910000, 150445, 1, 0, 0
912000, 141563, 1, 0, 0
914000, 143990, 1, 0, 0
916000, 138200, 1, 0, 0
918000, 144282, 1, 0, 0
920000, 141244, 1, 0, 0
922000, 141150, 1, 0, 0
924000, 145963, 1, 0, 0
926000, 148202, 1, 0, 0
928001, 148485, 1, 0, 0
930000, 152829, 1, 0, 0
932000, 112418, 1, 0, 0
934000, 140016, 1, 0, 0
936000, 139918, 1, 0, 0
938000, 146349, 1, 0, 0
940000, 144806, 1, 0, 0
942000, 140560, 1, 0, 0
944000, 140306, 1, 0, 0
946000, 147698, 1, 0, 0
948000, 141060, 1, 0, 0
950000, 143321, 1, 0, 0
952000, 137151, 1, 0, 0
954000, 141205, 1, 0, 0
956000, 127983, 1, 0, 0
958000, 141401, 1, 0, 0
960000, 127774, 1, 0, 0
962000, 123957, 1, 0, 0
964000, 135137, 1, 0, 0
966000, 135663, 1, 0, 0
968000, 144243, 1, 0, 0
970000, 139242, 1, 0, 0
972000, 149464, 1, 0, 0
974000, 151904, 1, 0, 0
976000, 147943, 1, 0, 0
978000, 137001, 1, 0, 0
980001, 138882, 1, 0, 0
982000, 143830, 1, 0, 0
984000, 130893, 1, 0, 0
986000, 143370, 1, 0, 0
988000, 137157, 1, 0, 0
990000, 144927, 1, 0, 0
992000, 163791, 1, 0, 0
994000, 139753, 1, 0, 0
996000, 114312, 1, 0, 0
998000, 116706, 1, 0, 0
1000000, 121957, 1, 0, 0
1002000, 124053, 1, 0, 0
1004000, 124204, 1, 0, 0
1006001, 124875, 1, 0, 0
1008000, 124566, 1, 0, 0
1010000, 127487, 1, 0, 0
1012000, 138887, 1, 0, 0
1014000, 136404, 1, 0, 0
1016000, 138073, 1, 0, 0
1018000, 135213, 1, 0, 0
1020000, 130388, 1, 0, 0
1022000, 134870, 1, 0, 0
1024000, 137295, 1, 0, 0
1026000, 138052, 1, 0, 0
1028000, 124446, 1, 0, 0
1030000, 131023, 1, 0, 0
1032000, 131148, 1, 0, 0
1034000, 133169, 1, 0, 0
1036000, 124501, 1, 0, 0
1038000, 127024, 1, 0, 0
1040000, 128787, 1, 0, 0
1042000, 127078, 1, 0, 0
1044000, 124739, 1, 0, 0
1046000, 127204, 1, 0, 0
1048000, 135137, 1, 0, 0
1050000, 122558, 1, 0, 0
1052000, 123648, 1, 0, 0
1054000, 127513, 1, 0, 0
1056000, 131577, 1, 0, 0
1058000, 120955, 1, 0, 0
1060000, 148710, 1, 0, 0
1062000, 132015, 1, 0, 0
1064000, 138248, 1, 0, 0
1066000, 185499, 1, 0, 0
1068001, 196661, 1, 0, 0
1070000, 188189, 1, 0, 0
1072000, 188820, 1, 0, 0
1074000, 167721, 1, 0, 0
1076000, 169786, 1, 0, 0
1078000, 160943, 1, 0, 0
1080000, 167866, 1, 0, 0
1082000, 184050, 1, 0, 0
1084000, 166255, 1, 0, 0
1086000, 171546, 1, 0, 0
1088000, 166903, 1, 0, 0
1090000, 171458, 1, 0, 0
1092000, 169457, 1, 0, 0
1094000, 169527, 1, 0, 0
1096000, 168455, 1, 0, 0
1098000, 176937, 1, 0, 0
1100000, 171121, 1, 0, 0
1102000, 169481, 1, 0, 0
1104000, 170429, 1, 0, 0
1106000, 141623, 1, 0, 0
1108000, 134114, 1, 0, 0
1110000, 133259, 1, 0, 0
1112000, 143462, 1, 0, 0
1114000, 144866, 1, 0, 0
1116000, 158519, 1, 0, 0
1118000, 148741, 1, 0, 0
1120000, 143892, 1, 0, 0
1122000, 138749, 1, 0, 0
1124000, 134562, 1, 0, 0
1126000, 144293, 1, 0, 0
1128000, 158588, 1, 0, 0
1130000, 149176, 1, 0, 0
1132000, 152145, 1, 0, 0
1134000, 132916, 1, 0, 0
1136000, 135407, 1, 0, 0
1138000, 154174, 1, 0, 0
1140000, 150104, 1, 0, 0
1142000, 151345, 1, 0, 0
1144000, 156104, 1, 0, 0
1146000, 139062, 1, 0, 0
1148000, 142297, 1, 0, 0
1150000, 145710, 1, 0, 0
1152000, 146459, 1, 0, 0
1154000, 139460, 1, 0, 0
1156000, 149113, 1, 0, 0
1158000, 151449, 1, 0, 0
1160000, 154250, 1, 0, 0
1162000, 148165, 1, 0, 0
1164000, 149009, 1, 0, 0
1166000, 140537, 1, 0, 0
1168000, 153134, 1, 0, 0
1170000, 144870, 1, 0, 0
1172000, 136604, 1, 0, 0
1174000, 147983, 1, 0, 0
1176000, 144054, 1, 0, 0
1178000, 150166, 1, 0, 0
1180000, 142647, 1, 0, 0
1182000, 151588, 1, 0, 0
1184000, 156108, 1, 0, 0
1186000, 145405, 1, 0, 0
1188000, 145796, 1, 0, 0
1190000, 142426, 1, 0, 0
1192000, 137282, 1, 0, 0
1194000, 146845, 1, 0, 0
1196000, 141026, 1, 0, 0
1198000, 146060, 1, 0, 0
1200000, 148409, 1, 0, 0
