2000, 3558, 1, 0, 0
4000, 3798, 1, 0, 0
6000, 4055, 1, 0, 0
8000, 4006, 1, 0, 0
10000, 4119, 1, 0, 0
12000, 3977, 1, 0, 0
14000, 4027, 1, 0, 0
16000, 4013, 1, 0, 0
18000, 3663, 1, 0, 0
20000, 4027, 1, 0, 0
22000, 3774, 1, 0, 0
24000, 3715, 1, 0, 0
26000, 4211, 1, 0, 0
28000, 3453, 1, 0, 0
30000, 3956, 1, 0, 0
32000, 3922, 1, 0, 0
34000, 3868, 1, 0, 0
36000, 3966, 1, 0, 0
38000, 3770, 1, 0, 0
40000, 3856, 1, 0, 0
42000, 4176, 1, 0, 0
44000, 4007, 1, 0, 0
46000, 4709, 1, 0, 0
48000, 4295, 1, 0, 0
50000, 3637, 1, 0, 0
52000, 4129, 1, 0, 0
54000, 4276, 1, 0, 0
56000, 3987, 1, 0, 0
58000, 4562, 1, 0, 0
60000, 4249, 1, 0, 0
62000, 4307, 1, 0, 0
64000, 4530, 1, 0, 0
66000, 4556, 1, 0, 0
68000, 3520, 1, 0, 0
70000, 4552, 1, 0, 0
72000, 4426, 1, 0, 0
74000, 3599, 1, 0, 0
76096, 4280, 1, 0, 0
78000, 4662, 1, 0, 0
80000, 3744, 1, 0, 0
82000, 4057, 1, 0, 0
84000, 4534, 1, 0, 0
86000, 4213, 1, 0, 0
88000, 4863, 1, 0, 0
90094, 4555, 1, 0, 0
92000, 4277, 1, 0, 0
94000, 3555, 1, 0, 0
96000, 4889, 1, 0, 0
98000, 4800, 1, 0, 0
100000, 3863, 1, 0, 0
102000, 4442, 1, 0, 0
104000, 4634, 1, 0, 0
106000, 4000, 1, 0, 0
108000, 4483, 1, 0, 0
110000, 4325, 1, 0, 0
112161, 4888, 1, 0, 0
114000, 4156, 1, 0, 0
116000, 4277, 1, 0, 0
118000, 4665, 1, 0, 0
120000, 4890, 1, 0, 0
122000, 4667, 1, 0, 0
124000, 3781, 1, 0, 0
126000, 4725, 1, 0, 0
128000, 5051, 1, 0, 0
130000, 3737, 1, 0, 0
132000, 4956, 1, 0, 0
134000, 4526, 1, 0, 0
136000, 4596, 1, 0, 0
138000, 5011, 1, 0, 0
140000, 4253, 1, 0, 0
142000, 4783, 1, 0, 0
144000, 5032, 1, 0, 0
146000, 3819, 1, 0, 0
148000, 5655, 1, 0, 0
150000, 4218, 1, 0, 0
152000, 4405, 1, 0, 0
154000, 4817, 1, 0, 0
156000, 4056, 1, 0, 0
158000, 4256, 1, 0, 0
160000, 4882, 1, 0, 0
162000, 4811, 1, 0, 0
164124, 4559, 1, 0, 0
166000, 4295, 1, 0, 0
168000, 5138, 1, 0, 0
170000, 5075, 1, 0, 0
172000, 4683, 1, 0, 0
174000, 4002, 1, 0, 0
176000, 5122, 1, 0, 0
178000, 4865, 1, 0, 0
180040, 4794, 1, 0, 0
182000, 4252, 1, 0, 0
184000, 4122, 1, 0, 0
186000, 4969, 1, 0, 0
188000, 5128, 1, 0, 0
190000, 3902, 1, 0, 0
192000, 5053, 1, 0, 0
194027, 5609, 1, 0, 0
196000, 4727, 1, 0, 0
198000, 4047, 1, 0, 0
200000, 4984, 1, 0, 0
202000, 5960, 1, 0, 0
204000, 5016, 1, 0, 0
206000, 4755, 1, 0, 0
208000, 5110, 1, 0, 0
210000, 5724, 1, 0, 0
212000, 4012, 1, 0, 0
214000, 3984, 1, 0, 0
216000, 6388, 1, 0, 0
218000, 5367, 1, 0, 0
220000, 5276, 1, 0, 0
222053, 3886, 1, 0, 0
224000, 4893, 1, 0, 0
226000, 6467, 1, 0, 0
228000, 5540, 1, 0, 0
230000, 3988, 1, 0, 0
232000, 5417, 1, 0, 0
234000, 4157, 1, 0, 0
236000, 6790, 1, 0, 0
238000, 5548, 1, 0, 0
240000, 3924, 1, 0, 0
242000, 5552, 1, 0, 0
244000, 5847, 1, 0, 0
246000, 4522, 1, 0, 0
248000, 5804, 1, 0, 0
250000, 5587, 1, 0, 0
252000, 3652, 1, 0, 0
254000, 5212, 1, 0, 0
256000, 5047, 1, 0, 0
258000, 5800, 1, 0, 0
260000, 5592, 1, 0, 0
262000, 3892, 1, 0, 0
264000, 6706, 1, 0, 0
266000, 4080, 1, 0, 0
268000, 6565, 1, 0, 0
270000, 6017, 1, 0, 0
272000, 3679, 1, 0, 0
274000, 4209, 1, 0, 0
276000, 5547, 1, 0, 0
278000, 5761, 1, 0, 0
280000, 5200, 1, 0, 0
282000, 3993, 1, 0, 0
284073, 7753, 1, 0, 0
286172, 5761, 1, 0, 0
288236, 5924, 1, 0, 0
290000, 3751, 1, 0, 0
292000, 4022, 1, 0, 0
294335, 6494, 1, 0, 0
296002, 6149, 1, 0, 0
298000, 5823, 1, 0, 0
300000, 3990, 1, 0, 0
302000, 5912, 1, 0, 0
304000, 6125, 1, 0, 0
306000, 5073, 1, 0, 0
308000, 4078, 1, 0, 0
310000, 5395, 1, 0, 0
312000, 7071, 1, 0, 0
314000, 6579, 1, 0, 0
316000, 4153, 1, 0, 0
318000, 4062, 1, 0, 0
320080, 8081, 1, 0, 0
322000, 5038, 1, 0, 0
324166, 6221, 1, 0, 0
326000, 5640, 1, 0, 0
328551, 7349, 1, 0, 0
330497, 6235, 1, 0, 0
332000, 3685, 1, 0, 0
334000, 4260, 1, 0, 0
336000, 5486, 1, 0, 0
338000, 6429, 1, 0, 0
340272, 5268, 1, 0, 0
342000, 4110, 1, 0, 0
344000, 5521, 1, 0, 0
346000, 7360, 1, 0, 0
348000, 6568, 1, 0, 0
350000, 5513, 1, 0, 0
352000, 4210, 1, 0, 0
354000, 4178, 1, 0, 0
356000, 9452, 1, 0, 0
358000, 6090, 1, 0, 0
360000, 6251, 1, 0, 0
362212, 5170, 1, 0, 0
364505, 5446, 1, 0, 0
366000, 5434, 1, 0, 0
368000, 5810, 1, 0, 0
370000, 5404, 1, 0, 0
372000, 4776, 1, 0, 0
374000, 4046, 1, 0, 0
376000, 9305, 1, 0, 0
378000, 5348, 1, 0, 0
380000, 7105, 1, 0, 0
382000, 6553, 1, 0, 0
384000, 4346, 1, 0, 0
386000, 5923, 1, 0, 0
388000, 6487, 1, 0, 0
390000, 6007, 1, 0, 0
392000, 6807, 1, 0, 0
394000, 5032, 1, 0, 0
396000, 3972, 1, 0, 0
398000, 8857, 1, 0, 0
400000, 5839, 1, 0, 0
402000, 7379, 1, 0, 0
404000, 4973, 1, 0, 0
406000, 6592, 1, 0, 0
408000, 5634, 1, 0, 0
410000, 7235, 1, 0, 0
412000, 6767, 1, 0, 0
414000, 3776, 1, 0, 0
416000, 6640, 1, 0, 0
418000, 6219, 1, 0, 0
420000, 6673, 1, 0, 0
422000, 3746, 1, 0, 0
424000, 6596, 1, 0, 0
426000, 6676, 1, 0, 0
428000, 6345, 1, 0, 0
430000, 6185, 1, 0, 0
432000, 3928, 1, 0, 0
434000, 7449, 1, 0, 0
436000, 7173, 1, 0, 0
438000, 4806, 1, 0, 0
440000, 5323, 1, 0, 0
442000, 5906, 1, 0, 0
444021, 8359, 1, 0, 0
446091, 6585, 1, 0, 0
448000, 4751, 1, 0, 0
450237, 7096, 1, 0, 0
452000, 4004, 1, 0, 0
454000, 6696, 1, 0, 0
456000, 8589, 1, 0, 0
458000, 6144, 1, 0, 0
460000, 7112, 1, 0, 0
462000, 4422, 1, 0, 0
464032, 7248, 1, 0, 0
466000, 6304, 1, 0, 0
468000, 6749, 1, 0, 0
470000, 6699, 1, 0, 0
472000, 3991, 1, 0, 0
474205, 5415, 1, 0, 0
476000, 5048, 1, 0, 0
478225, 7173, 1, 0, 0
480246, 6421, 1, 0, 0
482231, 6287, 1, 0, 0
484000, 4065, 1, 0, 0
486000, 4686, 1, 0, 0
488000, 6712, 1, 0, 0
490000, 5802, 1, 0, 0
492000, 5507, 1, 0, 0
494494, 5665, 1, 0, 0
496000, 5023, 1, 0, 0
498000, 7327, 1, 0, 0
500000, 6340, 1, 0, 0
502543, 5493, 1, 0, 0
504412, 6394, 1, 0, 0
506000, 5796, 1, 0, 0
508000, 6597, 1, 0, 0
510000, 7231, 1, 0, 0
512062, 4452, 1, 0, 0
514000, 5943, 1, 0, 0
516000, 5623, 1, 0, 0
518154, 9700, 1, 0, 0
520000, 6381, 1, 0, 0
522000, 5937, 1, 0, 0
524000, 4947, 1, 0, 0
526000, 6512, 1, 0, 0
528350, 7811, 1, 0, 0
530599, 6015, 1, 0, 0
532000, 4518, 1, 0, 0
534000, 6740, 1, 0, 0
536000, 5939, 1, 0, 0
538329, 7485, 1, 0, 0
540427, 6639, 1, 0, 0
542224, 6550, 1, 0, 0
544000, 5813, 1, 0, 0
546000, 4756, 1, 0, 0
548074, 5967, 1, 0, 0
550000, 10299, 1, 0, 0
552137, 6998, 1, 0, 0
554000, 6123, 1, 0, 0
556059, 5116, 1, 0, 0
558318, 6341, 1, 0, 0
560270, 6405, 1, 0, 0
562000, 6864, 1, 0, 0
564000, 6694, 1, 0, 0
566173, 7174, 1, 0, 0
568000, 3819, 1, 0, 0
570000, 6978, 1, 0, 0
572157, 9402, 1, 0, 0
574012, 4899, 1, 0, 0
576099, 7191, 1, 0, 0
578000, 5392, 1, 0, 0
580083, 6432, 1, 0, 0
582000, 6266, 1, 0, 0
584135, 6410, 1, 0, 0
586000, 5152, 1, 0, 0
588000, 6881, 1, 0, 0
590000, 6576, 1, 0, 0
592242, 6250, 1, 0, 0
594315, 6484, 1, 0, 0
596000, 4069, 1, 0, 0
598000, 6190, 1, 0, 0
600000, 7096, 1, 0, 0
602000, 7171, 1, 0, 0
604341, 5995, 1, 0, 0
606329, 6734, 1, 0, 0
608364, 6574, 1, 0, 0
610425, 7369, 1, 0, 0
612474, 7658, 1, 0, 0
614000, 3919, 1, 0, 0
616000, 6841, 1, 0, 0
618000, 6841, 1, 0, 0
620000, 7117, 1, 0, 0
622006, 7662, 1, 0, 0
624016, 7567, 1, 0, 0
626000, 7124, 1, 0, 0
628000, 5732, 1, 0, 0
630000, 5784, 1, 0, 0
632000, 7097, 1, 0, 0
634000, 3830, 1, 0, 0
636000, 8886, 1, 0, 0
638346, 7270, 1, 0, 0
640362, 7757, 1, 0, 0
642034, 5969, 1, 0, 0
644000, 3797, 1, 0, 0
646454, 9782, 1, 0, 0
648528, 7051, 1, 0, 0
650000, 5113, 1, 0, 0
652000, 7631, 1, 0, 0
654000, 6971, 1, 0, 0
656551, 5867, 1, 0, 0
658000, 4108, 1, 0, 0
660000, 6083, 1, 0, 0
662000, 7304, 1, 0, 0
664042, 5847, 1, 0, 0
666617, 6609, 1, 0, 0
668411, 6290, 1, 0, 0
670684, 6346, 1, 0, 0
672672, 8017, 1, 0, 0
674000, 7215, 1, 0, 0
676000, 6193, 1, 0, 0
678000, 5528, 1, 0, 0
680000, 6743, 1, 0, 0
682000, 5260, 1, 0, 0
684000, 6926, 1, 0, 0
686000, 6075, 1, 0, 0
688000, 7293, 1, 0, 0
690000, 6719, 1, 0, 0
692000, 7120, 1, 0, 0
694000, 6726, 1, 0, 0
696000, 7154, 1, 0, 0
698000, 7646, 1, 0, 0
700258, 7057, 1, 0, 0
702000, 4010, 1, 0, 0
704000, 8737, 1, 0, 0
706000, 6620, 1, 0, 0
708307, 9678, 1, 0, 0
710208, 6232, 1, 0, 0
712000, 6105, 1, 0, 0
714000, 8012, 1, 0, 0
716000, 7003, 1, 0, 0
718000, 3946, 1, 0, 0
720000, 7453, 1, 0, 0
722000, 6303, 1, 0, 0
724000, 7039, 1, 0, 0
726000, 7320, 1, 0, 0
728011, 7162, 1, 0, 0
730000, 6128, 1, 0, 0
732000, 6665, 1, 0, 0
734276, 7613, 1, 0, 0
736252, 7882, 1, 0, 0
738230, 7008, 1, 0, 0
740000, 4142, 1, 0, 0
742231, 7141, 1, 0, 0
744028, 7194, 1, 0, 0
746000, 6877, 1, 0, 0
748000, 6794, 1, 0, 0
750000, 7967, 1, 0, 0
752000, 7688, 1, 0, 0
754000, 4004, 1, 0, 0
756000, 6965, 1, 0, 0
758162, 9674, 1, 0, 0
760432, 8138, 1, 0, 0
762000, 4200, 1, 0, 0
764152, 6066, 1, 0, 0
766559, 10000, 1, 0, 0
768212, 6152, 1, 0, 0
770000, 6462, 1, 0, 0
772000, 7758, 1, 0, 0
774000, 8298, 1, 0, 0
776000, 3872, 1, 0, 0
778075, 9014, 1, 0, 0
780000, 7798, 1, 0, 0
782019, 6245, 1, 0, 0
784000, 5468, 1, 0, 0
786000, 8785, 1, 0, 0
788000, 6593, 1, 0, 0
790300, 6232, 1, 0, 0
792146, 7848, 1, 0, 0
794000, 7203, 1, 0, 0
796129, 7730, 1, 0, 0
798514, 6935, 1, 0, 0
800000, 3910, 1, 0, 0
802000, 7318, 1, 0, 0
804000, 7207, 1, 0, 0
806000, 8420, 1, 0, 0
808239, 7533, 1, 0, 0
810262, 8520, 1, 0, 0
812000, 3988, 1, 0, 0
814000, 7938, 1, 0, 0
816000, 3900, 1, 0, 0
818000, 6564, 1, 0, 0
820001, 7733, 1, 0, 0
822000, 6133, 1, 0, 0
824000, 7617, 1, 0, 0
826021, 7790, 1, 0, 0
828000, 7041, 1, 0, 0
830000, 9594, 1, 0, 0
832000, 7333, 1, 0, 0
834188, 8205, 1, 0, 0
836175, 8753, 1, 0, 0
838000, 6030, 1, 0, 0
840000, 5235, 1, 0, 0
842180, 7343, 1, 0, 0
844000, 7157, 1, 0, 0
846189, 8073, 1, 0, 0
848000, 5889, 1, 0, 0
850000, 5428, 1, 0, 0
852000, 7903, 1, 0, 0
854096, 6736, 1, 0, 0
856000, 7269, 1, 0, 0
858242, 7804, 1, 0, 0
860619, 7022, 1, 0, 0
862000, 4197, 1, 0, 0
864000, 8021, 1, 0, 0
866026, 7235, 1, 0, 0
868000, 7527, 1, 0, 0
870000, 5248, 1, 0, 0
872000, 9433, 1, 0, 0
874000, 7837, 1, 0, 0
876261, 7958, 1, 0, 0
878000, 5981, 1, 0, 0
880007, 9513, 1, 0, 0
882288, 8460, 1, 0, 0
884814, 6887, 1, 0, 0
886665, 8222, 1, 0, 0
888423, 7459, 1, 0, 0
890000, 7285, 1, 0, 0
892000, 8905, 1, 0, 0
894000, 3815, 1, 0, 0
896000, 8606, 1, 0, 0
898000, 9232, 1, 0, 0
900000, 7263, 1, 0, 0
902726, 6873, 1, 0, 0
904000, 3902, 1, 0, 0
906000, 9597, 1, 0, 0
908000, 8839, 1, 0, 0
910000, 6629, 1, 0, 0
912000, 6032, 1, 0, 0
914000, 7810, 1, 0, 0
916000, 4070, 1, 0, 0
918000, 9022, 1, 0, 0
920000, 7999, 1, 0, 0
922000, 6898, 1, 0, 0
924000, 4315, 1, 0, 0
926000, 8087, 1, 0, 0
928000, 7451, 1, 0, 0
930000, 7743, 1, 0, 0
932083, 8267, 1, 0, 0
934011, 7978, 1, 0, 0
936000, 6867, 1, 0, 0
938000, 5057, 1, 0, 0
940000, 8641, 1, 0, 0
942000, 9391, 1, 0, 0
944000, 9270, 1, 0, 0
946218, 8856, 1, 0, 0
948208, 7859, 1, 0, 0
950000, 4230, 1, 0, 0
952000, 9189, 1, 0, 0
954004, 9786, 1, 0, 0
956000, 8633, 1, 0, 0
958608, 6915, 1, 0, 0
960000, 3678, 1, 0, 0
962180, 8282, 1, 0, 0
964000, 4451, 1, 0, 0
966000, 8923, 1, 0, 0
968000, 5189, 1, 0, 0
970112, 7694, 1, 0, 0
972108, 7923, 1, 0, 0
974110, 7015, 1, 0, 0
976000, 4595, 1, 0, 0
978005, 9051, 1, 0, 0
980000, 9583, 1, 0, 0
982000, 8574, 1, 0, 0
984063, 4255, 1, 0, 0
986000, 8178, 1, 0, 0
988022, 7912, 1, 0, 0
990000, 9704, 1, 0, 0
992000, 8324, 1, 0, 0
994000, 5871, 1, 0, 0
996000, 5912, 1, 0, 0
998014, 4361, 1, 0, 0
1000000, 7954, 1, 0, 0
1002000, 8796, 1, 0, 0
1004000, 9041, 1, 0, 0
1006140, 8290, 1, 0, 0
1008742, 6607, 1, 0, 0
1010320, 6990, 1, 0, 0
1012609, 9164, 1, 0, 0
1014614, 7267, 1, 0, 0
1016841, 8287, 1, 0, 0
1018783, 7995, 1, 0, 0
1020000, 4523, 1, 0, 0
1022070, 7974, 1, 0, 0
1024000, 4508, 1, 0, 0
1026000, 5465, 1, 0, 0
1028114, 9980, 1, 0, 0
1030091, 7569, 1, 0, 0
1032000, 8033, 1, 0, 0
1034000, 7427, 1, 0, 0
1036000, 7787, 1, 0, 0
1038000, 8722, 1, 0, 0
1040000, 8392, 1, 0, 0
1042000, 8935, 1, 0, 0
1044000, 6492, 1, 0, 0
1046443, 8283, 1, 0, 0
1048008, 6816, 1, 0, 0
1050000, 5668, 1, 0, 0
1052760, 7062, 1, 0, 0
1054552, 8046, 1, 0, 0
1056705, 7551, 1, 0, 0
1058505, 7333, 1, 0, 0
1060000, 5104, 1, 0, 0
1062000, 8774, 1, 0, 0
1064148, 7970, 1, 0, 0
1066000, 4171, 1, 0, 0
1068000, 5494, 1, 0, 0
1070227, 10712, 1, 0, 0
1072174, 7729, 1, 0, 0
1074188, 7902, 1, 0, 0
1076175, 8266, 1, 0, 0
1078000, 9268, 1, 0, 0
1080386, 7477, 1, 0, 0
1082452, 7563, 1, 0, 0
1084492, 7547, 1, 0, 0
1086505, 7839, 1, 0, 0
1088000, 4610, 1, 0, 0
1090000, 8828, 1, 0, 0
1092056, 8337, 1, 0, 0
1094000, 6177, 1, 0, 0
1096052, 9388, 1, 0, 0
1098000, 4352, 1, 0, 0
1100000, 9244, 1, 0, 0
1102000, 9138, 1, 0, 0
1104178, 7786, 1, 0, 0
1106000, 6337, 1, 0, 0
1108000, 5696, 1, 0, 0
1110000, 8258, 1, 0, 0
1112000, 9022, 1, 0, 0
1114442, 7433, 1, 0, 0
1116667, 7238, 1, 0, 0
1118000, 4472, 1, 0, 0
1120000, 8744, 1, 0, 0
1122000, 7743, 1, 0, 0
1124000, 7545, 1, 0, 0
1126000, 9496, 1, 0, 0
1128970, 7121, 1, 0, 0
1130000, 4368, 1, 0, 0
1132000, 8297, 1, 0, 0
1134000, 4013, 1, 0, 0
1136000, 4088, 1, 0, 0
1138000, 7761, 1, 0, 0
1140000, 8992, 1, 0, 0
1142000, 7971, 1, 0, 0
1144000, 7778, 1, 0, 0
1146000, 7747, 1, 0, 0
1148000, 7850, 1, 0, 0
1150204, 14794, 1, 0, 0
1152484, 9246, 1, 0, 0
1154502, 7847, 1, 0, 0
1156564, 8136, 1, 0, 0
1158663, 8504, 1, 0, 0
1160000, 4408, 1, 0, 0
1162000, 9194, 1, 0, 0
1164042, 9152, 1, 0, 0
1166000, 6030, 1, 0, 0
1168000, 11100, 1, 0, 0
1170000, 4587, 1, 0, 0
1172000, 9062, 1, 0, 0
1174000, 9628, 1, 0, 0
1176148, 7402, 1, 0, 0
1178000, 4242, 1, 0, 0
1180000, 8820, 1, 0, 0
1182000, 8773, 1, 0, 0
1184000, 7768, 1, 0, 0
1186007, 10374, 1, 0, 0
1188000, 9534, 1, 0, 0
1190375, 7689, 1, 0, 0
1192000, 4229, 1, 0, 0
1194005, 9950, 1, 0, 0
1196000, 7717, 1, 0, 0
1198000, 8450, 1, 0, 0
1200058, 8498, 1, 0, 0
