2000, 261234, 1, 0, 0
4000, 248939, 1, 0, 0
6000, 227636, 1, 0, 0
8000, 230213, 1, 0, 0
10000, 222467, 1, 0, 0
12000, 232488, 1, 0, 0
14000, 233592, 1, 0, 0
16000, 213249, 1, 0, 0
18000, 259724, 1, 0, 0
20000, 224387, 1, 0, 0
22000, 227956, 1, 0, 0
24000, 251286, 1, 0, 0
26001, 233795, 1, 0, 0
28000, 234133, 1, 0, 0
30000, 235078, 1, 0, 0
32000, 233516, 1, 0, 0
34000, 235528, 1, 0, 0
36000, 227980, 1, 0, 0
38000, 238830, 1, 0, 0
40001, 237420, 1, 0, 0
42000, 220197, 1, 0, 0
44000, 252091, 1, 0, 0
46000, 232190, 1, 0, 0
48000, 226857, 1, 0, 0
50000, 229338, 1, 0, 0
52000, 214259, 1, 0, 0
54000, 231358, 1, 0, 0
56000, 223486, 1, 0, 0
58000, 205957, 1, 0, 0
60000, 244625, 1, 0, 0
62000, 215376, 1, 0, 0
64000, 214731, 1, 0, 0
66000, 247031, 1, 0, 0
68000, 223497, 1, 0, 0
70000, 223111, 1, 0, 0
72000, 213832, 1, 0, 0
74000, 217263, 1, 0, 0
76000, 226160, 1, 0, 0
78000, 218092, 1, 0, 0
80000, 217563, 1, 0, 0
82000, 247140, 1, 0, 0
84000, 205868, 1, 0, 0
86000, 218980, 1, 0, 0
88000, 242359, 1, 0, 0
90000, 216318, 1, 0, 0
92000, 219587, 1, 0, 0
94000, 218719, 1, 0, 0
96001, 219286, 1, 0, 0
98000, 218288, 1, 0, 0
100000, 211191, 1, 0, 0
102000, 212082, 1, 0, 0
104000, 209415, 1, 0, 0
106000, 200991, 1, 0, 0
108000, 253776, 1, 0, 0
110000, 211413, 1, 0, 0
112000, 210278, 1, 0, 0
114000, 225577, 1, 0, 0
116000, 234894, 1, 0, 0
118000, 218848, 1, 0, 0
120000, 217832, 1, 0, 0
122000, 211590, 1, 0, 0
124001, 231214, 1, 0, 0
126000, 217979, 1, 0, 0
128000, 201380, 1, 0, 0
130000, 241756, 1, 0, 0
132000, 212104, 1, 0, 0
134000, 218359, 1, 0, 0
136000, 218581, 1, 0, 0
138000, 210928, 1, 0, 0
140000, 229260, 1, 0, 0
142000, 213661, 1, 0, 0
144001, 207124, 1, 0, 0
146001, 244402, 1, 0, 0
148000, 213801, 1, 0, 0
150000, 221371, 1, 0, 0
152000, 216085, 1, 0, 0
154000, 219129, 1, 0, 0
156000, 216905, 1, 0, 0
158000, 203906, 1, 0, 0
160000, 217726, 1, 0, 0
162000, 233526, 1, 0, 0
164000, 211868, 1, 0, 0
166000, 209937, 1, 0, 0
168000, 211780, 1, 0, 0
170000, 235352, 1, 0, 0
172000, 213126, 1, 0, 0
174000, 207230, 1, 0, 0
176000, 235050, 1, 0, 0
178000, 233605, 1, 0, 0
180000, 208256, 1, 0, 0
182000, 209494, 1, 0, 0
184000, 226455, 1, 0, 0
186000, 228007, 1, 0, 0
188000, 216788, 1, 0, 0
190000, 197027, 1, 0, 0
192000, 232355, 1, 0, 0
194000, 215307, 1, 0, 0
196000, 198350, 1, 0, 0
198000, 221552, 1, 0, 0
200000, 231243, 1, 0, 0
202000, 206041, 1, 0, 0
204000, 210757, 1, 0, 0
206000, 212669, 1, 0, 0
208000, 220653, 1, 0, 0
210000, 217654, 1, 0, 0
212000, 207950, 1, 0, 0
214000, 230910, 1, 0, 0
216000, 224642, 1, 0, 0
218001, 205803, 1, 0, 0
220000, 214528, 1, 0, 0
222000, 209887, 1, 0, 0
224000, 224621, 1, 0, 0
226001, 209955, 1, 0, 0
228000, 198512, 1, 0, 0
230000, 219822, 1, 0, 0
232000, 229538, 1, 0, 0
234000, 217448, 1, 0, 0
236001, 202747, 1, 0, 0
238000, 220023, 1, 0, 0
240000, 226596, 1, 0, 0
242000, 214013, 1, 0, 0
244000, 204307, 1, 0, 0
246000, 225461, 1, 0, 0
248000, 223243, 1, 0, 0
250000, 203883, 1, 0, 0
252000, 207178, 1, 0, 0
254000, 224308, 1, 0, 0
256000, 219216, 1, 0, 0
258000, 200472, 1, 0, 0
260000, 206769, 1, 0, 0
262000, 224001, 1, 0, 0
264000, 221905, 1, 0, 0
266000, 212407, 1, 0, 0
268000, 217035, 1, 0, 0
270000, 211172, 1, 0, 0
272000, 227228, 1, 0, 0
274000, 209206, 1, 0, 0
276000, 200528, 1, 0, 0
278000, 238948, 1, 0, 0
280000, 222953, 1, 0, 0
282000, 204413, 1, 0, 0
284001, 205687, 1, 0, 0
286000, 172757, 1, 0, 0
288000, 95349, 1, 0, 0
290000, 189912, 1, 0, 0
292000, 116781, 1, 0, 0
294001, 103260, 1, 0, 0
296000, 101888, 1, 0, 0
298000, 92121, 1, 0, 0
300000, 90343, 1, 0, 0
302000, 94124, 1, 0, 0
304000, 158275, 1, 0, 0
306000, 152737, 1, 0, 0
308000, 114490, 1, 0, 0
310000, 103209, 1, 0, 0
312000, 90740, 1, 0, 0
314000, 94255, 1, 0, 0
316000, 89316, 1, 0, 0
318000, 110082, 1, 0, 0
320000, 196082, 1, 0, 0
322000, 122218, 1, 0, 0
324000, 100547, 1, 0, 0
326000, 88610, 1, 0, 0
328000, 91749, 1, 0, 0
330000, 95458, 1, 0, 0
332000, 190027, 1, 0, 0
334000, 101274, 1, 0, 0
336000, 134679, 1, 0, 0
338000, 110270, 1, 0, 0
340000, 87661, 1, 0, 0
342001, 92650, 1, 0, 0
344000, 88455, 1, 0, 0
346000, 93348, 1, 0, 0
348000, 127562, 1, 0, 0
350000, 186306, 1, 0, 0
352000, 111038, 1, 0, 0
354000, 102494, 1, 0, 0
356000, 92059, 1, 0, 0
358000, 91362, 1, 0, 0
360000, 90951, 1, 0, 0
362000, 91839, 1, 0, 0
364000, 212160, 1, 0, 0
366000, 108070, 1, 0, 0
368000, 101497, 1, 0, 0
370000, 90799, 1, 0, 0
372000, 91348, 1, 0, 0
374000, 85444, 1, 0, 0
376000, 185614, 1, 0, 0
378000, 89095, 1, 0, 0
380000, 136750, 1, 0, 0
382000, 99659, 1, 0, 0
384000, 86099, 1, 0, 0
386000, 86119, 1, 0, 0
388000, 87234, 1, 0, 0
390000, 86454, 1, 0, 0
392000, 84344, 1, 0, 0
394000, 226638, 1, 0, 0
396000, 102823, 1, 0, 0
398000, 117461, 1, 0, 0
400000, 102435, 1, 0, 0
402000, 92573, 1, 0, 0
404000, 92296, 1, 0, 0
406000, 87802, 1, 0, 0
408000, 92632, 1, 0, 0
410000, 177293, 1, 0, 0
412000, 102845, 1, 0, 0
414000, 92344, 1, 0, 0
416000, 88566, 1, 0, 0
418000, 91567, 1, 0, 0
420000, 90594, 1, 0, 0
422001, 92277, 1, 0, 0
424000, 155531, 1, 0, 0
426000, 85639, 1, 0, 0
428000, 87532, 1, 0, 0
430000, 148283, 1, 0, 0
432000, 149795, 1, 0, 0
434000, 102892, 1, 0, 0
436000, 96955, 1, 0, 0
438000, 88900, 1, 0, 0
440000, 138008, 1, 0, 0
442000, 91795, 1, 0, 0
444001, 90020, 1, 0, 0
446000, 132915, 1, 0, 0
448000, 87414, 1, 0, 0
450000, 85339, 1, 0, 0
452000, 84040, 1, 0, 0
454000, 106867, 1, 0, 0
456000, 170544, 1, 0, 0
458000, 105288, 1, 0, 0
460000, 104125, 1, 0, 0
462000, 95218, 1, 0, 0
464000, 89309, 1, 0, 0
466001, 87479, 1, 0, 0
468000, 86715, 1, 0, 0
470000, 172692, 1, 0, 0
472001, 88675, 1, 0, 0
474000, 121940, 1, 0, 0
476000, 103465, 1, 0, 0
478000, 85504, 1, 0, 0
480000, 88072, 1, 0, 0
482000, 83699, 1, 0, 0
484000, 97433, 1, 0, 0
486000, 164105, 1, 0, 0
488000, 79721, 1, 0, 0
490000, 130200, 1, 0, 0
492000, 94313, 1, 0, 0
494000, 85987, 1, 0, 0
496000, 82773, 1, 0, 0
498000, 84632, 1, 0, 0
500000, 158275, 1, 0, 0
502000, 83240, 1, 0, 0
504001, 84965, 1, 0, 0
506000, 159068, 1, 0, 0
508000, 101284, 1, 0, 0
510000, 96712, 1, 0, 0
512000, 95750, 1, 0, 0
514000, 79629, 1, 0, 0
516000, 81702, 1, 0, 0
518000, 85218, 1, 0, 0
520000, 143448, 1, 0, 0
522000, 120021, 1, 0, 0
524000, 115136, 1, 0, 0
526000, 102141, 1, 0, 0
528000, 77197, 1, 0, 0
530000, 86870, 1, 0, 0
532000, 80035, 1, 0, 0
534000, 83597, 1, 0, 0
536000, 177641, 1, 0, 0
538000, 81802, 1, 0, 0
540000, 114075, 1, 0, 0
542000, 101973, 1, 0, 0
544000, 83148, 1, 0, 0
546001, 82700, 1, 0, 0
548000, 87346, 1, 0, 0
550000, 78231, 1, 0, 0
552001, 176953, 1, 0, 0
554000, 77623, 1, 0, 0
556000, 84356, 1, 0, 0
558000, 139785, 1, 0, 0
560000, 102051, 1, 0, 0
562001, 100163, 1, 0, 0
564000, 90011, 1, 0, 0
566000, 76291, 1, 0, 0
568000, 84931, 1, 0, 0
570000, 81311, 1, 0, 0
572000, 77104, 1, 0, 0
574000, 119440, 1, 0, 0
576000, 161996, 1, 0, 0
578000, 95966, 1, 0, 0
580000, 87565, 1, 0, 0
582000, 81141, 1, 0, 0
584001, 81594, 1, 0, 0
586000, 81798, 1, 0, 0
588000, 78908, 1, 0, 0
590000, 81493, 1, 0, 0
592000, 165717, 1, 0, 0
594000, 115396, 1, 0, 0
596000, 86255, 1, 0, 0
598000, 77181, 1, 0, 0
600000, 73891, 1, 0, 0
602000, 79416, 1, 0, 0
604000, 78197, 1, 0, 0
606000, 80281, 1, 0, 0
608000, 116706, 1, 0, 0
610000, 171313, 1, 0, 0
612000, 106177, 1, 0, 0
614000, 84808, 1, 0, 0
616000, 76289, 1, 0, 0
618000, 120461, 1, 0, 0
620000, 82175, 1, 0, 0
622000, 78562, 1, 0, 0
624000, 77587, 1, 0, 0
626000, 67948, 1, 0, 0
628000, 164121, 1, 0, 0
630000, 88623, 1, 0, 0
632001, 89216, 1, 0, 0
634000, 93650, 1, 0, 0
636000, 67400, 1, 0, 0
638000, 72449, 1, 0, 0
640000, 69080, 1, 0, 0
642000, 73862, 1, 0, 0
644000, 109718, 1, 0, 0
646000, 146685, 1, 0, 0
648000, 102828, 1, 0, 0
650000, 70511, 1, 0, 0
652000, 76561, 1, 0, 0
654000, 69757, 1, 0, 0
656000, 75274, 1, 0, 0
658000, 71232, 1, 0, 0
660000, 76224, 1, 0, 0
662000, 131577, 1, 0, 0
664000, 151252, 1, 0, 0
666000, 84624, 1, 0, 0
668000, 91868, 1, 0, 0
670000, 87069, 1, 0, 0
672000, 73568, 1, 0, 0
674000, 76083, 1, 0, 0
676000, 74288, 1, 0, 0
678001, 70892, 1, 0, 0
680000, 120615, 1, 0, 0
682000, 120721, 1, 0, 0
684000, 75546, 1, 0, 0
686000, 114701, 1, 0, 0
688000, 77662, 1, 0, 0
690000, 73896, 1, 0, 0
692000, 70361, 1, 0, 0
694000, 72781, 1, 0, 0
696000, 72782, 1, 0, 0
698000, 143225, 1, 0, 0
700000, 87160, 1, 0, 0
702000, 69559, 1, 0, 0
704000, 93681, 1, 0, 0
706000, 110126, 1, 0, 0
708000, 89230, 1, 0, 0
710000, 85926, 1, 0, 0
712000, 68836, 1, 0, 0
714000, 64456, 1, 0, 0
716000, 65425, 1, 0, 0
718000, 66170, 1, 0, 0
720000, 68564, 1, 0, 0
722000, 69880, 1, 0, 0
724000, 62209, 1, 0, 0
726000, 69377, 1, 0, 0
728000, 63805, 1, 0, 0
730000, 77109, 1, 0, 0
732000, 234742, 1, 0, 0
734000, 90791, 1, 0, 0
736000, 68411, 1, 0, 0
738000, 71658, 1, 0, 0
740000, 65701, 1, 0, 0
742000, 70514, 1, 0, 0
744000, 66430, 1, 0, 0
746000, 67451, 1, 0, 0
748000, 70103, 1, 0, 0
750000, 67820, 1, 0, 0
752000, 75774, 1, 0, 0
754000, 97265, 1, 0, 0
756000, 180667, 1, 0, 0
758001, 68030, 1, 0, 0
760000, 71863, 1, 0, 0
762000, 66567, 1, 0, 0
764000, 68468, 1, 0, 0
766000, 72937, 1, 0, 0
768000, 75855, 1, 0, 0
770000, 70782, 1, 0, 0
772000, 218291, 1, 0, 0
774000, 88292, 1, 0, 0
776000, 83158, 1, 0, 0
778001, 85677, 1, 0, 0
780000, 64002, 1, 0, 0
782000, 68543, 1, 0, 0
784000, 63116, 1, 0, 0
786000, 68490, 1, 0, 0
788000, 67821, 1, 0, 0
790000, 169595, 1, 0, 0
792000, 71220, 1, 0, 0
794000, 100154, 1, 0, 0
796000, 80992, 1, 0, 0
798000, 67928, 1, 0, 0
800000, 65598, 1, 0, 0
802000, 69398, 1, 0, 0
804000, 61836, 1, 0, 0
806000, 70631, 1, 0, 0
808000, 168371, 1, 0, 0
810000, 69155, 1, 0, 0
812000, 67352, 1, 0, 0
814000, 106182, 1, 0, 0
816000, 85387, 1, 0, 0
818000, 85531, 1, 0, 0
820000, 77561, 1, 0, 0
822000, 67849, 1, 0, 0
824000, 67460, 1, 0, 0
826000, 63042, 1, 0, 0
828000, 67772, 1, 0, 0
830000, 70339, 1, 0, 0
832000, 159168, 1, 0, 0
834000, 66660, 1, 0, 0
836000, 63036, 1, 0, 0
838000, 65476, 1, 0, 0
840000, 65249, 1, 0, 0
842000, 68639, 1, 0, 0
844000, 69468, 1, 0, 0
846000, 67586, 1, 0, 0
848000, 64385, 1, 0, 0
850000, 67498, 1, 0, 0
852000, 128413, 1, 0, 0
854000, 68753, 1, 0, 0
856000, 61052, 1, 0, 0
858000, 68707, 1, 0, 0
860000, 64921, 1, 0, 0
862000, 64393, 1, 0, 0
864000, 66589, 1, 0, 0
866000, 148410, 1, 0, 0
868000, 181937, 1, 0, 0
870000, 87246, 1, 0, 0
872000, 64241, 1, 0, 0
874000, 64581, 1, 0, 0
876000, 66869, 1, 0, 0
878000, 66304, 1, 0, 0
880000, 66101, 1, 0, 0
882000, 61386, 1, 0, 0
884000, 64867, 1, 0, 0
886000, 106811, 1, 0, 0
888000, 159288, 1, 0, 0
890000, 75871, 1, 0, 0
892000, 64575, 1, 0, 0
894000, 63817, 1, 0, 0
896000, 68087, 1, 0, 0
898000, 66154, 1, 0, 0
900000, 65520, 1, 0, 0
902000, 66683, 1, 0, 0
904000, 68881, 1, 0, 0
906000, 65194, 1, 0, 0
908000, 62809, 1, 0, 0
910000, 159423, 1, 0, 0
912000, 137816, 1, 0, 0
914000, 68402, 1, 0, 0
916000, 60708, 1, 0, 0
918000, 58576, 1, 0, 0
920000, 64539, 1, 0, 0
922000, 62074, 1, 0, 0
924000, 65727, 1, 0, 0
926000, 62298, 1, 0, 0
928000, 188806, 1, 0, 0
930000, 82642, 1, 0, 0
932000, 65322, 1, 0, 0
934000, 59678, 1, 0, 0
936000, 65383, 1, 0, 0
938000, 66225, 1, 0, 0
940000, 64892, 1, 0, 0
942000, 143204, 1, 0, 0
944000, 84880, 1, 0, 0
946000, 85740, 1, 0, 0
948000, 83921, 1, 0, 0
950000, 61971, 1, 0, 0
952000, 65110, 1, 0, 0
954000, 61531, 1, 0, 0
956000, 59058, 1, 0, 0
958000, 62532, 1, 0, 0
960000, 101197, 1, 0, 0
962000, 131903, 1, 0, 0
964000, 64150, 1, 0, 0
966000, 63355, 1, 0, 0
968000, 117774, 1, 0, 0
970000, 78659, 1, 0, 0
972000, 72618, 1, 0, 0
974000, 78827, 1, 0, 0
976001, 57680, 1, 0, 0
978000, 58987, 1, 0, 0
980000, 56724, 1, 0, 0
982000, 61028, 1, 0, 0
984000, 60878, 1, 0, 0
986000, 84387, 1, 0, 0
988001, 148260, 1, 0, 0
990000, 58467, 1, 0, 0
992000, 97355, 1, 0, 0
994000, 71998, 1, 0, 0
996000, 60975, 1, 0, 0
998000, 61499, 1, 0, 0
1000000, 61479, 1, 0, 0
1002000, 61308, 1, 0, 0
1004000, 56166, 1, 0, 0
1006000, 66062, 1, 0, 0
1008000, 60873, 1, 0, 0
1010000, 62534, 1, 0, 0
1012000, 123932, 1, 0, 0
1014000, 143653, 1, 0, 0
1016000, 67243, 1, 0, 0
1018000, 72334, 1, 0, 0
1020000, 60289, 1, 0, 0
1022001, 60819, 1, 0, 0
1024000, 62441, 1, 0, 0
1026000, 77105, 1, 0, 0
1028000, 123192, 1, 0, 0
1030000, 70942, 1, 0, 0
1032000, 73833, 1, 0, 0
1034000, 70055, 1, 0, 0
1036000, 66675, 1, 0, 0
1038000, 100910, 1, 0, 0
1040000, 58830, 1, 0, 0
1042000, 60114, 1, 0, 0
1044000, 62077, 1, 0, 0
1046000, 54213, 1, 0, 0
1048000, 58561, 1, 0, 0
1050000, 56773, 1, 0, 0
1052000, 164055, 1, 0, 0
1054000, 62508, 1, 0, 0
1056000, 57065, 1, 0, 0
1058000, 59956, 1, 0, 0
1060000, 107104, 1, 0, 0
1062000, 74012, 1, 0, 0
1064000, 71181, 1, 0, 0
1066000, 66556, 1, 0, 0
1068000, 62374, 1, 0, 0
1070000, 57935, 1, 0, 0
1072001, 51117, 1, 0, 0
1074000, 60482, 1, 0, 0
1076000, 53229, 1, 0, 0
1078001, 57647, 1, 0, 0
1080000, 55868, 1, 0, 0
1082000, 56538, 1, 0, 0
1084000, 58050, 1, 0, 0
1086000, 62720, 1, 0, 0
1088000, 53522, 1, 0, 0
1090000, 57432, 1, 0, 0
1092001, 148325, 1, 0, 0
1094000, 139317, 1, 0, 0
1096000, 64330, 1, 0, 0
1098000, 55303, 1, 0, 0
1100000, 53913, 1, 0, 0
1102000, 49400, 1, 0, 0
1104000, 58892, 1, 0, 0
1106000, 128158, 1, 0, 0
1108000, 56935, 1, 0, 0
1110000, 55507, 1, 0, 0
1112000, 53308, 1, 0, 0
1114000, 56167, 1, 0, 0
1116000, 58343, 1, 0, 0
1118001, 54074, 1, 0, 0
1120000, 61725, 1, 0, 0
1122000, 51815, 1, 0, 0
1124000, 57399, 1, 0, 0
1126001, 66372, 1, 0, 0
1128000, 172571, 1, 0, 0
1130000, 61936, 1, 0, 0
1132000, 56400, 1, 0, 0
1134000, 59140, 1, 0, 0
1136000, 64774, 1, 0, 0
1138000, 49639, 1, 0, 0
1140000, 53867, 1, 0, 0
1142000, 58878, 1, 0, 0
1144001, 51468, 1, 0, 0
1146000, 58863, 1, 0, 0
1148000, 56436, 1, 0, 0
1150000, 54380, 1, 0, 0
1152000, 53925, 1, 0, 0
1154001, 148912, 1, 0, 0
1156000, 100945, 1, 0, 0
1158000, 66814, 1, 0, 0
1160000, 57346, 1, 0, 0
1162000, 53542, 1, 0, 0
1164001, 58365, 1, 0, 0
1166000, 56812, 1, 0, 0
1168000, 53984, 1, 0, 0
1170000, 55554, 1, 0, 0
1172000, 62934, 1, 0, 0
1174001, 58803, 1, 0, 0
1176000, 48408, 1, 0, 0
1178000, 56750, 1, 0, 0
1180000, 130890, 1, 0, 0
1182000, 57863, 1, 0, 0
1184000, 56915, 1, 0, 0
1186000, 56101, 1, 0, 0
1188000, 100809, 1, 0, 0
1190000, 90091, 1, 0, 0
1192000, 66707, 1, 0, 0
1194000, 63460, 1, 0, 0
1196000, 53647, 1, 0, 0
1198000, 52347, 1, 0, 0
1200000, 57754, 1, 0, 0
